============================= test session starts ==============================
platform darwin -- Python 3.13.12, pytest-9.1.1, pluggy-1.6.0 -- <WORKBUDDY_PYTHON>
cachedir: .pytest_cache
rootdir: <REPO_ROOT>
configfile: pyproject.toml
testpaths: tests
collecting ... collected 566 items

tests/contract/test_browser_companion_compliance.py::test_companion_has_no_network_or_browser_sdk_imports PASSED [  0%]
tests/contract/test_browser_companion_compliance.py::test_no_anti_detection_or_album_detail_fanout_terms PASSED [  0%]
tests/contract/test_browser_companion_compliance.py::test_no_cookie_or_profile_files_are_tracked PASSED [  0%]
tests/contract/test_browser_companion_compliance.py::test_no_cookie_or_profile_usage_in_companion_code PASSED [  0%]
tests/contract/test_browser_companion_compliance.py::test_core_never_imports_browser_companion PASSED [  0%]
tests/contract/test_browser_companion_compliance.py::test_disabling_companion_leaves_core_fully_functional PASSED [  1%]
tests/contract/test_core_architecture.py::test_core_has_no_forbidden_imports PASSED [  1%]
tests/contract/test_core_architecture.py::test_core_package_imports_without_side_effects PASSED [  1%]
tests/contract/test_history_parity.py::test_normal_batch_commit_parity[in-memory] PASSED [  1%]
tests/contract/test_history_parity.py::test_normal_batch_commit_parity[sqlite] PASSED [  1%]
tests/contract/test_history_parity.py::test_intra_batch_duplicate_pick_index_parity[in-memory] PASSED [  1%]
tests/contract/test_history_parity.py::test_intra_batch_duplicate_pick_index_parity[sqlite] PASSED [  2%]
tests/contract/test_history_parity.py::test_intra_batch_duplicate_album_parity[in-memory] PASSED [  2%]
tests/contract/test_history_parity.py::test_intra_batch_duplicate_album_parity[sqlite] PASSED [  2%]
tests/contract/test_history_parity.py::test_conflict_with_stored_state_parity[in-memory] PASSED [  2%]
tests/contract/test_history_parity.py::test_conflict_with_stored_state_parity[sqlite] PASSED [  2%]
tests/contract/test_history_parity.py::test_failure_never_writes_partial_or_history_committed[in-memory] PASSED [  3%]
tests/contract/test_history_parity.py::test_failure_never_writes_partial_or_history_committed[sqlite] PASSED [  3%]
tests/contract/test_history_parity.py::test_same_domain_exception_type_parity[in-memory] PASSED [  3%]
tests/contract/test_history_parity.py::test_same_domain_exception_type_parity[sqlite] PASSED [  3%]
tests/contract/test_ports.py::test_error_taxonomy_has_eight_distinct_domain_errors PASSED [  3%]
tests/contract/test_ports.py::test_domain_error_carries_message_and_detail PASSED [  3%]
tests/contract/test_ports.py::test_all_ports_define_minimal_method_sets PASSED [  4%]
tests/contract/test_ports.py::test_ports_are_protocols_not_classes PASSED [  4%]
tests/contract/test_ports.py::test_inmemory_history_satisfies_history_port_shape PASSED [  4%]
tests/contract/test_ports.py::test_inmemory_history_journal_and_atomic_commit PASSED [  4%]
tests/contract/test_ports.py::test_inmemory_history_commit_is_all_or_nothing PASSED [  4%]
tests/contract/test_ports.py::test_fake_delivery_is_idempotent PASSED    [  4%]
tests/contract/test_ports.py::test_inmemory_receipts_immutable_exact_replay_and_conflict PASSED [  5%]
tests/contract/test_ports.py::test_fake_genre_source_respects_eligibility PASSED [  5%]
tests/contract/test_ports.py::test_fake_album_source_filters_by_genre_and_limit PASSED [  5%]
tests/contract/test_ports.py::test_fake_llm_returns_fixed_text PASSED    [  5%]
tests/integration/test_critic_contribution.py::test_new_critic_package_feeds_core_without_core_change PASSED [  5%]
tests/integration/test_critic_contribution.py::test_critic_package_all_ratings_are_domain_rows PASSED [  6%]
tests/integration/test_dry_run_application.py::test_run_dry_run_writes_preview_and_keeps_history_neutral PASSED [  6%]
tests/integration/test_dry_run_application.py::test_repeated_dry_runs_do_not_pollute_history PASSED [  6%]
tests/integration/test_dry_run_application.py::test_dry_run_resolves_no_token PASSED [  6%]
tests/integration/test_dry_run_application.py::test_deliver_mode_still_requires_explicit_flag PASSED [  6%]
tests/integration/test_g4_pipeline.py::test_full_pipeline_generates_validates_and_delivers_markdown PASSED [  6%]
tests/integration/test_g4_pipeline.py::test_fabricated_report_is_never_delivered PASSED [  7%]
tests/integration/test_recovery_path.py::test_resolve_commits_history_after_delivery_without_redelivery PASSED [  7%]
tests/integration/test_recovery_path.py::test_resolve_requires_human_when_evidence_missing PASSED [  7%]
tests/integration/test_recovery_path.py::test_resolve_requires_human_on_mismatched_receipt PASSED [  7%]
tests/integration/test_recovery_path.py::test_resolve_returns_complete_for_finished_run PASSED [  7%]
tests/integration/test_recovery_path.py::test_recovery_never_blindly_redelivers PASSED [  7%]
tests/integration/test_recovery_path.py::test_recovery_without_post_delivery_journal_is_require_human PASSED [  8%]
tests/integration/test_recovery_path.py::test_recovery_with_mismatched_receipt_key_is_require_human PASSED [  8%]
tests/integration/test_recovery_path.py::test_recovery_with_failed_status_is_require_human PASSED [  8%]
tests/integration/test_recovery_path.py::test_recovery_only_commits_on_bound_ok_receipt_plus_delivery_journal PASSED [  8%]
tests/integration/test_run_engine.py::test_successful_run_commits_history_and_completes[in-memory] PASSED [  8%]
tests/integration/test_run_engine.py::test_successful_run_commits_history_and_completes[sqlite] PASSED [  9%]
tests/integration/test_run_engine.py::test_successful_run_never_repeats_album_within_run[in-memory] PASSED [  9%]
tests/integration/test_run_engine.py::test_successful_run_never_repeats_album_within_run[sqlite] PASSED [  9%]
tests/integration/test_run_engine.py::test_fetch_failure_does_not_pollute_history[in-memory] PASSED [  9%]
tests/integration/test_run_engine.py::test_fetch_failure_does_not_pollute_history[sqlite] PASSED [  9%]
tests/integration/test_run_engine.py::test_generation_failure_does_not_pollute_history[in-memory] PASSED [  9%]
tests/integration/test_run_engine.py::test_generation_failure_does_not_pollute_history[sqlite] PASSED [ 10%]
tests/integration/test_run_engine.py::test_validation_failure_does_not_pollute_history[in-memory] PASSED [ 10%]
tests/integration/test_run_engine.py::test_validation_failure_does_not_pollute_history[sqlite] PASSED [ 10%]
tests/integration/test_run_engine.py::test_delivery_failure_does_not_pollute_history[in-memory] PASSED [ 10%]
tests/integration/test_run_engine.py::test_delivery_failure_does_not_pollute_history[sqlite] PASSED [ 10%]
tests/integration/test_run_engine.py::test_candidate_shortage_fails_without_history_write[in-memory] PASSED [ 10%]
tests/integration/test_run_engine.py::test_candidate_shortage_fails_without_history_write[sqlite] PASSED [ 11%]
tests/integration/test_run_engine.py::test_delivered_but_not_committed_recovers_without_redelivery[in-memory] PASSED [ 11%]
tests/integration/test_run_engine.py::test_delivered_but_not_committed_recovers_without_redelivery[sqlite] PASSED [ 11%]
tests/integration/test_run_engine.py::test_crash_recovery_table[PLANNED] PASSED [ 11%]
tests/integration/test_run_engine.py::test_crash_recovery_table[FETCHED] PASSED [ 11%]
tests/integration/test_run_engine.py::test_crash_recovery_table[SELECTED] PASSED [ 12%]
tests/integration/test_run_engine.py::test_crash_recovery_table[GENERATED] PASSED [ 12%]
tests/integration/test_run_engine.py::test_crash_recovery_table[VALIDATED] PASSED [ 12%]
tests/integration/test_run_engine.py::test_crash_recovery_table[DELIVERING] PASSED [ 12%]
tests/integration/test_run_engine.py::test_crash_recovery_table[receipt-saved] PASSED [ 12%]
tests/integration/test_run_engine.py::test_crash_recovery_table[DELIVERED] PASSED [ 12%]
tests/integration/test_run_engine.py::test_crash_recovery_table[history-committed] PASSED [ 13%]
tests/integration/test_run_engine.py::test_crash_recovery_table[COMPLETE] PASSED [ 13%]
tests/integration/test_run_engine.py::test_missing_receipt_for_delivered_run_fails_closed PASSED [ 13%]
tests/integration/test_run_engine.py::test_bound_failed_receipt_is_ordinary_terminal_failure PASSED [ 13%]
tests/integration/test_run_engine.py::test_misbound_failed_receipt_enters_recovery PASSED [ 13%]
tests/integration/test_run_engine.py::test_conflicting_receipt_fails_closed_without_overwrite PASSED [ 13%]
tests/integration/test_run_engine.py::test_repeated_completed_run_id_is_idempotent_replay PASSED [ 14%]
tests/integration/test_run_engine.py::test_history_committed_tail_gets_durable_complete PASSED [ 14%]
tests/integration/test_run_engine.py::test_three_consecutive_runs_commit_global_indices[in-memory] PASSED [ 14%]
tests/integration/test_run_engine.py::test_three_consecutive_runs_commit_global_indices[sqlite] PASSED [ 14%]
tests/integration/test_run_engine.py::test_historical_latest_pick_from_absent_genre_advances_global_index PASSED [ 14%]
tests/integration/test_run_engine.py::test_failed_run_consumes_no_pick_indices[in-memory] PASSED [ 15%]
tests/integration/test_run_engine.py::test_failed_run_consumes_no_pick_indices[sqlite] PASSED [ 15%]
tests/integration/test_run_engine.py::test_year_fallback_status_is_persisted_in_journal PASSED [ 15%]
tests/integration/test_run_engine.py::test_provenance_recorded_without_consuming_rng PASSED [ 15%]
tests/integration/test_run_engine.py::test_fresh_process_reproduces_exact_plan_from_journal_evidence PASSED [ 15%]
tests/integration/test_run_engine.py::test_run2_reproducible_across_process_restart PASSED [ 15%]
tests/integration/test_run_engine.py::test_config_seed_is_bound_to_rng_construction PASSED [ 16%]
tests/integration/test_run_engine.py::test_misbound_receipt_never_commits_history[wrong-run-id-in-memory] PASSED [ 16%]
tests/integration/test_run_engine.py::test_misbound_receipt_never_commits_history[wrong-run-id-sqlite] PASSED [ 16%]
tests/integration/test_run_engine.py::test_misbound_receipt_never_commits_history[wrong-key-in-memory] PASSED [ 16%]
tests/integration/test_run_engine.py::test_misbound_receipt_never_commits_history[wrong-key-sqlite] PASSED [ 16%]
tests/integration/test_run_engine.py::test_misbound_receipt_never_commits_history[wrong-channel-in-memory] PASSED [ 16%]
tests/integration/test_run_engine.py::test_misbound_receipt_never_commits_history[wrong-channel-sqlite] PASSED [ 17%]
tests/integration/test_run_engine.py::test_exact_matching_receipt_still_succeeds[in-memory] PASSED [ 17%]
tests/integration/test_run_engine.py::test_exact_matching_receipt_still_succeeds[sqlite] PASSED [ 17%]
tests/integration/test_run_engine.py::test_misbound_receipt_on_recovery_fails_closed PASSED [ 17%]
tests/integration/test_run_engine.py::test_parent_diversity_enforced_through_orchestrated_run PASSED [ 17%]
tests/integration/test_run_engine.py::test_parent_unsatisfiable_fails_explicitly PASSED [ 18%]
tests/integration/test_run_engine.py::test_ambiguous_delivery_records_one_effect_and_never_redelivers[wrong-run-id] PASSED [ 18%]
tests/integration/test_run_engine.py::test_ambiguous_delivery_records_one_effect_and_never_redelivers[wrong-key] PASSED [ 18%]
tests/integration/test_run_engine.py::test_ambiguous_delivery_records_one_effect_and_never_redelivers[wrong-channel] PASSED [ 18%]
tests/integration/test_run_engine.py::test_repeated_recovery_of_unchanged_evidence_is_bounded PASSED [ 18%]
tests/integration/test_run_engine.py::test_receipt_conflict_after_external_call_enters_recovery PASSED [ 18%]
tests/integration/test_run_engine.py::test_bound_malformed_status_enters_recovery_not_terminal[unknown] PASSED [ 19%]
tests/integration/test_run_engine.py::test_bound_malformed_status_enters_recovery_not_terminal[pending] PASSED [ 19%]
tests/integration/test_run_engine.py::test_bound_malformed_status_enters_recovery_not_terminal[empty] PASSED [ 19%]
tests/integration/test_run_engine_g4.py::test_production_run_delivers_structured_markdown_not_raw_llm_text PASSED [ 19%]
tests/integration/test_run_engine_g4.py::test_production_run_never_commits_history_for_invalid_payload PASSED [ 19%]
tests/property/test_genre_equality.py::test_equal_opportunity_within_tolerance PASSED [ 19%]
tests/property/test_genre_equality.py::test_equal_opportunity_via_planner_smoke PASSED [ 20%]
tests/property/test_genre_equality.py::test_no_duplicate_within_run_across_samples PASSED [ 20%]
tests/property/test_genre_equality.py::test_big_pool_marginal_equality_unconstrained PASSED [ 20%]
tests/property/test_genre_equality.py::test_big_pool_positional_opportunity_unconstrained PASSED [ 20%]
tests/property/test_genre_equality.py::test_renaming_genre_ids_does_not_change_opportunity PASSED [ 20%]
tests/property/test_genre_equality.py::test_large_pool_constrained_still_bounded_and_deterministic PASSED [ 21%]
tests/property/test_genre_equality.py::test_unconstrained_large_pool_uses_fast_path_without_dp PASSED [ 21%]
tests/property/test_genre_equality.py::test_solver_cache_stays_bounded_across_many_run_histories PASSED [ 21%]
tests/property/test_genre_equality.py::test_constrained_memo_never_stores_terminal_states PASSED [ 21%]
tests/property/test_genre_equality.py::test_runengine_shaped_empty_cooldown_map_uses_fast_path PASSED [ 21%]
tests/property/test_genre_equality.py::test_orchestrated_first_run_large_pool_has_no_dp_construction PASSED [ 21%]
tests/property/test_genre_equality.py::test_active_constraint_upper_bound_stays_bounded PASSED [ 22%]
tests/property/test_genre_equality.py::test_explicit_parents_by_genre_constraint_is_never_dropped PASSED [ 22%]
tests/property/test_genre_equality.py::test_stale_nonempty_cooldown_history_uses_fast_path PASSED [ 22%]
tests/property/test_genre_equality.py::test_limits_that_cannot_bind_are_dropped PASSED [ 22%]
tests/property/test_genre_equality.py::test_active_constraint_over_supported_bound_fails_explicitly PASSED [ 22%]
tests/property/test_genre_equality.py::test_active_constraint_maximum_pool_is_bounded_and_correct PASSED [ 22%]
tests/property/test_seed_determinism.py::test_same_seed_reproduces_exact_sequence PASSED [ 23%]
tests/property/test_seed_determinism.py::test_different_seeds_give_different_sequences PASSED [ 23%]
tests/property/test_seed_determinism.py::test_reseed_produces_independent_reproducible_stream PASSED [ 23%]
tests/property/test_seed_determinism.py::test_new_seed_is_unpredictable_and_usable PASSED [ 23%]
tests/property/test_seed_determinism.py::test_rough_uniformity_sanity_within_loose_bounds PASSED [ 23%]
tests/test_smoke.py::test_package_importable PASSED                      [ 24%]
tests/unit/test_browser_companion.py::test_normal_genre_page_classified_ok PASSED [ 24%]
tests/unit/test_browser_companion.py::test_login_page_classified_login_required PASSED [ 24%]
tests/unit/test_browser_companion.py::test_captcha_page_classified_challenge PASSED [ 24%]
tests/unit/test_browser_companion.py::test_rate_limit_page_classified_rate_limited PASSED [ 24%]
tests/unit/test_browser_companion.py::test_session_invalid_page_classified PASSED [ 24%]
tests/unit/test_browser_companion.py::test_empty_page_classified_unknown PASSED [ 25%]
tests/unit/test_browser_companion.py::test_dom_changed_page_classified_unknown PASSED [ 25%]
tests/unit/test_browser_companion.py::test_unicode_title_survives_parsing PASSED [ 25%]
tests/unit/test_browser_companion.py::test_duplicate_records_do_not_duplicate_extraction PASSED [ 25%]
tests/unit/test_browser_companion.py::test_ok_page_returns_schema_validated_extract_with_provenance PASSED [ 25%]
tests/unit/test_browser_companion.py::test_human_action_pages_raise_typed_error[login] PASSED [ 25%]
tests/unit/test_browser_companion.py::test_human_action_pages_raise_typed_error[captcha] PASSED [ 26%]
tests/unit/test_browser_companion.py::test_human_action_pages_raise_typed_error[rate-limit] PASSED [ 26%]
tests/unit/test_browser_companion.py::test_human_action_pages_raise_typed_error[session] PASSED [ 26%]
tests/unit/test_browser_companion.py::test_human_action_pages_raise_typed_error[empty] PASSED [ 26%]
tests/unit/test_browser_companion.py::test_human_action_pages_raise_typed_error[dom-changed] PASSED [ 26%]
tests/unit/test_browser_companion.py::test_fetch_failure_is_typed_unavailable PASSED [ 27%]
tests/unit/test_browser_companion.py::test_fresh_cache_skips_fetch PASSED [ 27%]
tests/unit/test_browser_companion.py::test_stale_cache_refetches PASSED  [ 27%]
tests/unit/test_browser_companion.py::test_stale_cache_with_failed_refetch_is_explicit_unavailable PASSED [ 27%]
tests/unit/test_browser_companion.py::test_fetch_timeout_is_passed_to_fetcher PASSED [ 27%]
tests/unit/test_browser_companion.py::test_fetcher_exception_maps_to_unavailable PASSED [ 27%]
tests/unit/test_browser_companion.py::test_disallowed_url_scheme_rejected PASSED [ 28%]
tests/unit/test_browser_companion.py::test_disallowed_url_host_rejected PASSED [ 28%]
tests/unit/test_browser_companion.py::test_disallowed_url_path_rejected PASSED [ 28%]
tests/unit/test_browser_companion.py::test_per_run_page_budget_is_enforced PASSED [ 28%]
tests/unit/test_browser_companion.py::test_page_cache_evicts_oldest_entries PASSED [ 28%]
tests/unit/test_browser_companion.py::test_cached_extract_mutation_does_not_corrupt_cache PASSED [ 28%]
tests/unit/test_browser_companion.py::test_non_finite_fetch_timeout_rejected[none] PASSED [ 29%]
tests/unit/test_browser_companion.py::test_non_finite_fetch_timeout_rejected[zero] PASSED [ 29%]
tests/unit/test_browser_companion.py::test_non_finite_fetch_timeout_rejected[negative] PASSED [ 29%]
tests/unit/test_browser_companion.py::test_non_finite_fetch_timeout_rejected[inf] PASSED [ 29%]
tests/unit/test_browser_companion.py::test_non_finite_fetch_timeout_rejected[nan] PASSED [ 29%]
tests/unit/test_browser_companion.py::test_non_finite_fetch_timeout_rejected[string] PASSED [ 30%]
tests/unit/test_browser_companion.py::test_disallowed_url_bypasses_are_rejected[dot-segment] PASSED [ 30%]
tests/unit/test_browser_companion.py::test_disallowed_url_bypasses_are_rejected[encoded-dotdot] PASSED [ 30%]
tests/unit/test_browser_companion.py::test_disallowed_url_bypasses_are_rejected[encoded-traversal] PASSED [ 30%]
tests/unit/test_browser_companion.py::test_disallowed_url_bypasses_are_rejected[userinfo] PASSED [ 30%]
tests/unit/test_browser_companion.py::test_disallowed_url_bypasses_are_rejected[port] PASSED [ 30%]
tests/unit/test_browser_companion.py::test_disallowed_url_bypasses_are_rejected[encoded-slash] PASSED [ 31%]
tests/unit/test_browser_companion.py::test_canonical_genre_url_still_accepted PASSED [ 31%]
tests/unit/test_browser_companion.py::test_budget_ledger_capacity_is_fail_closed PASSED [ 31%]
tests/unit/test_browser_companion.py::test_finish_run_releases_budget_ledger PASSED [ 31%]
tests/unit/test_browser_companion.py::test_max_pages_per_run_must_be_positive_integer[bool] PASSED [ 31%]
tests/unit/test_browser_companion.py::test_max_pages_per_run_must_be_positive_integer[fractional] PASSED [ 31%]
tests/unit/test_browser_companion.py::test_max_pages_per_run_must_be_positive_integer[nan] PASSED [ 32%]
tests/unit/test_browser_companion.py::test_max_pages_per_run_must_be_positive_integer[inf] PASSED [ 32%]
tests/unit/test_browser_companion.py::test_max_tracked_runs_must_be_positive_integer[bool] PASSED [ 32%]
tests/unit/test_browser_companion.py::test_max_tracked_runs_must_be_positive_integer[fractional] PASSED [ 32%]
tests/unit/test_browser_companion.py::test_max_tracked_runs_must_be_positive_integer[nan] PASSED [ 32%]
tests/unit/test_browser_companion.py::test_max_tracked_runs_must_be_positive_integer[inf] PASSED [ 33%]
tests/unit/test_browser_companion.py::test_non_canonical_url_bypasses_are_rejected[backslash] PASSED [ 33%]
tests/unit/test_browser_companion.py::test_non_canonical_url_bypasses_are_rejected[encoded-backslash] PASSED [ 33%]
tests/unit/test_browser_companion.py::test_non_canonical_url_bypasses_are_rejected[double-dotdot] PASSED [ 33%]
tests/unit/test_browser_companion.py::test_non_canonical_url_bypasses_are_rejected[double-slash] PASSED [ 33%]
tests/unit/test_browser_companion.py::test_non_canonical_url_bypasses_are_rejected[encoded-dot-segment] PASSED [ 33%]
tests/unit/test_browser_companion.py::test_interleaved_runs_cannot_reset_active_budget PASSED [ 34%]
tests/unit/test_browser_companion.py::test_active_run_budget_survives_ledger_capacity PASSED [ 34%]
tests/unit/test_browser_companion.py::test_finished_run_identifier_is_reusable PASSED [ 34%]
tests/unit/test_browser_companion.py::test_page_cache_max_entries_must_be_positive_integer[bool] PASSED [ 34%]
tests/unit/test_browser_companion.py::test_page_cache_max_entries_must_be_positive_integer[fractional] PASSED [ 34%]
tests/unit/test_browser_companion.py::test_page_cache_max_entries_must_be_positive_integer[nan] PASSED [ 34%]
tests/unit/test_browser_companion.py::test_page_cache_max_entries_must_be_positive_integer[inf] PASSED [ 35%]
tests/unit/test_browser_companion.py::test_page_cache_max_entries_must_be_positive_integer[zero] PASSED [ 35%]
tests/unit/test_browser_companion.py::test_page_cache_max_entries_must_be_positive_integer[negative] PASSED [ 35%]
tests/unit/test_config.py::test_defaults_match_spec_constants PASSED     [ 35%]
tests/unit/test_config.py::test_file_then_overrides_precedence PASSED    [ 35%]
tests/unit/test_config.py::test_missing_config_file_is_not_an_error PASSED [ 36%]
tests/unit/test_config.py::test_invalid_json_reports_path PASSED         [ 36%]
tests/unit/test_config.py::test_schema_rejects_invalid_values PASSED     [ 36%]
tests/unit/test_config.py::test_semantic_overrides_flag_product_changes PASSED [ 36%]
tests/unit/test_config.py::test_config_round_trip_through_mapping PASSED [ 36%]
tests/unit/test_config.py::test_invalid_parent_limit_rejected_at_exact_path[string] PASSED [ 36%]
tests/unit/test_config.py::test_invalid_parent_limit_rejected_at_exact_path[negative] PASSED [ 37%]
tests/unit/test_config.py::test_invalid_parent_limit_rejected_at_exact_path[zero] PASSED [ 37%]
tests/unit/test_config.py::test_invalid_parent_limit_rejected_at_exact_path[float] PASSED [ 37%]
tests/unit/test_config.py::test_invalid_parent_limit_rejected_at_exact_path[bool] PASSED [ 37%]
tests/unit/test_config.py::test_invalid_parent_limit_rejected_at_exact_path[nested-object] PASSED [ 37%]
tests/unit/test_config.py::test_valid_parent_limits_load_and_round_trip PASSED [ 37%]
tests/unit/test_config.py::test_original_overrides_mutation_cannot_alter_config PASSED [ 38%]
tests/unit/test_config.py::test_config_parent_limits_are_immutable PASSED [ 38%]
tests/unit/test_config.py::test_fingerprint_matches_exact_config_snapshot_used_for_selection PASSED [ 38%]
tests/unit/test_config.py::test_direct_config_default_is_immutable PASSED [ 38%]
tests/unit/test_config.py::test_direct_config_with_caller_dict_is_immutable_and_detached PASSED [ 38%]
tests/unit/test_config.py::test_direct_config_runengine_fingerprint_matches_selection_rules PASSED [ 39%]
tests/unit/test_config.py::test_direct_config_rejects_invalid_parent_values[string] PASSED [ 39%]
tests/unit/test_config.py::test_direct_config_rejects_invalid_parent_values[bool] PASSED [ 39%]
tests/unit/test_config.py::test_direct_config_rejects_invalid_parent_values[float] PASSED [ 39%]
tests/unit/test_config.py::test_direct_config_rejects_invalid_parent_values[zero] PASSED [ 39%]
tests/unit/test_config.py::test_direct_config_rejects_invalid_parent_values[negative] PASSED [ 39%]
tests/unit/test_config.py::test_direct_config_rejects_invalid_parent_values[out-of-range] PASSED [ 40%]
tests/unit/test_config.py::test_invalid_direct_config_never_reaches_planned PASSED [ 40%]
tests/unit/test_config.py::test_direct_config_rejects_invalid_schema_fields[daily-count-string] PASSED [ 40%]
tests/unit/test_config.py::test_direct_config_rejects_invalid_schema_fields[daily-count-bool] PASSED [ 40%]
tests/unit/test_config.py::test_direct_config_rejects_invalid_schema_fields[albums-zero] PASSED [ 40%]
tests/unit/test_config.py::test_direct_config_rejects_invalid_schema_fields[albums-over-max] PASSED [ 40%]
tests/unit/test_config.py::test_direct_config_rejects_invalid_schema_fields[cooldown-bool] PASSED [ 41%]
tests/unit/test_config.py::test_direct_config_rejects_invalid_schema_fields[year-string] PASSED [ 41%]
tests/unit/test_config.py::test_direct_config_rejects_invalid_schema_fields[year-below-min] PASSED [ 41%]
tests/unit/test_config.py::test_direct_config_rejects_invalid_schema_fields[seed-empty] PASSED [ 41%]
tests/unit/test_config.py::test_direct_config_rejects_invalid_delivery_channel PASSED [ 41%]
tests/unit/test_config.py::test_direct_delivery_config_rejects_invalid_channel PASSED [ 42%]
tests/unit/test_config.py::test_direct_config_valid_round_trip PASSED    [ 42%]
tests/unit/test_config.py::test_direct_config_rejects_none_for_non_nullable_fields[daily] PASSED [ 42%]
tests/unit/test_config.py::test_direct_config_rejects_none_for_non_nullable_fields[albums] PASSED [ 42%]
tests/unit/test_config.py::test_direct_config_rejects_none_for_non_nullable_fields[cooldown] PASSED [ 42%]
tests/unit/test_config.py::test_direct_config_rejects_none_for_non_nullable_fields[year] PASSED [ 42%]
tests/unit/test_config.py::test_direct_config_rejects_none_parent_limits_controlled PASSED [ 43%]
tests/unit/test_config.py::test_direct_config_rejects_dict_delivery_controlled PASSED [ 43%]
tests/unit/test_config.py::test_direct_config_rejects_none_delivery PASSED [ 43%]
tests/unit/test_config.py::test_direct_delivery_config_rejects_non_string_env_type PASSED [ 43%]
tests/unit/test_config.py::test_direct_config_valid_unset_optionals_round_trip PASSED [ 43%]
tests/unit/test_core_album.py::test_normalized_text_unicode_aware PASSED [ 43%]
tests/unit/test_core_album.py::test_exact_album_id_exclusion_without_nested_identity PASSED [ 44%]
tests/unit/test_core_album.py::test_canonical_same_release_different_name_is_excluded PASSED [ 44%]
tests/unit/test_core_album.py::test_canonical_namespaced_by_source PASSED [ 44%]
tests/unit/test_core_album.py::test_canonical_without_source_never_matches_destructively PASSED [ 44%]
tests/unit/test_core_album.py::test_ambiguous_candidate_never_destructively_matched PASSED [ 44%]
tests/unit/test_core_album.py::test_ambiguous_exclusion_never_permanently_blocks PASSED [ 45%]
tests/unit/test_core_album.py::test_different_release_not_merged_by_name PASSED [ 45%]
tests/unit/test_core_album.py::test_filter_candidates_removes_excluded_only PASSED [ 45%]
tests/unit/test_core_album.py::test_dedup_key_namespaced_canonical PASSED [ 45%]
tests/unit/test_core_album.py::test_dedup_key_same_name_different_year_not_merged PASSED [ 45%]
tests/unit/test_core_album.py::test_dedup_key_non_latin_distinct PASSED  [ 45%]
tests/unit/test_core_album.py::test_dedupe_within_run_across_genres PASSED [ 46%]
tests/unit/test_core_album.py::test_multi_run_permanent_exclusion PASSED [ 46%]
tests/unit/test_core_genre.py::test_sort_genres_is_stable_by_genre_id PASSED [ 46%]
tests/unit/test_core_genre.py::test_same_seed_reproduces_selection PASSED [ 46%]
tests/unit/test_core_genre.py::test_selection_does_not_mutate_input PASSED [ 46%]
tests/unit/test_core_genre.py::test_insufficient_pool_raises_bounded PASSED [ 46%]
tests/unit/test_core_genre.py::test_selection_without_popularity_signal_is_equal_opportunity_smoke PASSED [ 47%]
tests/unit/test_core_genre.py::test_cooldown_boundary_30_and_31 PASSED   [ 47%]
tests/unit/test_core_genre.py::test_empty_history_is_available PASSED    [ 47%]
tests/unit/test_core_genre.py::test_cooldown_uses_latest_pick_only PASSED [ 47%]
tests/unit/test_core_genre.py::test_filter_available_removes_cooled_genres PASSED [ 47%]
tests/unit/test_core_genre.py::test_next_pick_index_derived_from_history PASSED [ 48%]
tests/unit/test_core_genre.py::test_global_start_index_controls_positions PASSED [ 48%]
tests/unit/test_core_genre.py::test_position_specific_cooldown_inside_one_run PASSED [ 48%]
tests/unit/test_core_genre.py::test_multi_position_sequence_respects_in_run_cooldown PASSED [ 48%]
tests/unit/test_core_genre.py::test_family_limit_default_regional_one_per_run PASSED [ 48%]
tests/unit/test_core_genre.py::test_family_limit_regional_two_selected_rejected PASSED [ 48%]
tests/unit/test_core_genre.py::test_skewed_family_pool_satisfiable_for_every_seed PASSED [ 49%]
tests/unit/test_core_genre.py::test_truly_unsatisfiable_pool_terminates_explicitly PASSED [ 49%]
tests/unit/test_core_genre.py::test_parent_overlap_is_constrained PASSED [ 49%]
tests/unit/test_core_genre.py::test_parent_limits_default_do_not_implicitly_score PASSED [ 49%]
tests/unit/test_core_genre.py::test_family_limits_do_not_starve_family_across_runs PASSED [ 49%]
tests/unit/test_core_genre.py::test_deterministic_replay_retains_exact_ordered_picks PASSED [ 50%]
tests/unit/test_core_year_rating.py::test_compose_rating_single_source_normalized PASSED [ 50%]
tests/unit/test_core_year_rating.py::test_compose_rating_multi_source_weighted PASSED [ 50%]
tests/unit/test_core_year_rating.py::test_compose_rating_no_rows_returns_none PASSED [ 50%]
tests/unit/test_core_year_rating.py::test_missing_policy_skip_ignores_missing_source PASSED [ 50%]
tests/unit/test_core_year_rating.py::test_missing_policy_zero_counts_missing_as_zero PASSED [ 50%]
tests/unit/test_core_year_rating.py::test_invalid_missing_policy_raises PASSED [ 51%]
tests/unit/test_core_year_rating.py::test_rank_candidates_deterministic_ties PASSED [ 51%]
tests/unit/test_core_year_rating.py::test_rank_candidates_unrated_sort_last PASSED [ 51%]
tests/unit/test_core_year_rating.py::test_is_modern_year_and_unknown PASSED [ 51%]
tests/unit/test_core_year_rating.py::test_select_at_least_one_modern PASSED [ 51%]
tests/unit/test_core_year_rating.py::test_select_modern_preferred_and_older_limited PASSED [ 51%]
tests/unit/test_core_year_rating.py::test_no_modern_candidates_degrades_observably PASSED [ 52%]
tests/unit/test_core_year_rating.py::test_unknown_year_treated_as_older PASSED [ 52%]
tests/unit/test_core_year_rating.py::test_candidate_shortage_raises_bounded PASSED [ 52%]
tests/unit/test_core_year_rating.py::test_no_unrelated_album_forced_in PASSED [ 52%]
tests/unit/test_core_year_rating.py::test_cap_never_silently_exceeded_for_larger_count PASSED [ 52%]
tests/unit/test_core_year_rating.py::test_cap_satisfiable_with_enough_modern PASSED [ 53%]
tests/unit/test_dataset_adapters.py::test_valid_genre_package_maps_to_domain_values PASSED [ 53%]
tests/unit/test_dataset_adapters.py::test_valid_genre_package_exposes_provenance PASSED [ 53%]
tests/unit/test_dataset_adapters.py::test_valid_critic_package_implements_critic_port PASSED [ 53%]
tests/unit/test_dataset_adapters.py::test_genre_unknown_field_rejected_at_line PASSED [ 53%]
tests/unit/test_dataset_adapters.py::test_genre_missing_field_rejected_at_line PASSED [ 53%]
tests/unit/test_dataset_adapters.py::test_genre_bad_type_rejected PASSED [ 54%]
tests/unit/test_dataset_adapters.py::test_genre_duplicate_identity_rejected PASSED [ 54%]
tests/unit/test_dataset_adapters.py::test_genre_bad_url_rejected PASSED  [ 54%]
tests/unit/test_dataset_adapters.py::test_genre_source_missing_license_rejected PASSED [ 54%]
tests/unit/test_dataset_adapters.py::test_genre_bad_retrieved_time_rejected PASSED [ 54%]
tests/unit/test_dataset_adapters.py::test_genre_jsonl_syntax_error_pinpoints_line PASSED [ 54%]
tests/unit/test_dataset_adapters.py::test_critic_csv_row_error_pinpoints_line PASSED [ 55%]
tests/unit/test_dataset_adapters.py::test_critic_source_yaml_rating_mismatch_rejected PASSED [ 55%]
tests/unit/test_dataset_adapters.py::test_critic_duplicate_identity_rejected PASSED [ 55%]
tests/unit/test_dataset_adapters.py::test_critic_bad_header_rejected PASSED [ 55%]
tests/unit/test_dataset_adapters.py::test_critic_bad_type_rejected PASSED [ 55%]
tests/unit/test_dataset_adapters.py::test_critic_missing_license_rejected PASSED [ 56%]
tests/unit/test_dataset_adapters.py::test_critic_bad_scrape_date_rejected PASSED [ 56%]
tests/unit/test_dataset_adapters.py::test_critic_missing_records_file_rejected PASSED [ 56%]
tests/unit/test_dataset_adapters.py::test_adapter_implements_existing_ports_structural PASSED [ 56%]
tests/unit/test_dataset_adapters.py::test_ineligible_genre_record_is_never_returned PASSED [ 56%]
tests/unit/test_dataset_adapters.py::test_ineligible_genre_never_selected_at_orchestrator_level PASSED [ 56%]
tests/unit/test_dataset_adapters.py::test_genre_source_id_must_match_directory_name PASSED [ 57%]
tests/unit/test_dataset_adapters.py::test_genre_record_source_must_match_source_id PASSED [ 57%]
tests/unit/test_dataset_adapters.py::test_genre_records_file_cannot_escape_package PASSED [ 57%]
tests/unit/test_dataset_adapters.py::test_critic_blank_rating_max_fills_declared_scale PASSED [ 57%]
tests/unit/test_dataset_adapters.py::test_critic_mismatched_rating_max_rejected PASSED [ 57%]
tests/unit/test_dataset_adapters.py::test_critic_zero_rating_max_rejected PASSED [ 57%]
tests/unit/test_dataset_adapters.py::test_critic_negative_rating_max_rejected PASSED [ 58%]
tests/unit/test_dataset_adapters.py::test_critic_invalid_scale_bounds_rejected PASSED [ 58%]
tests/unit/test_dataset_adapters.py::test_critic_rating_outside_effective_scale_rejected PASSED [ 58%]
tests/unit/test_dataset_adapters.py::test_critic_source_id_must_match_directory_name PASSED [ 58%]
tests/unit/test_dataset_adapters.py::test_readme_blank_denominator_example_is_parseable PASSED [ 58%]
tests/unit/test_delivery_adapters.py::test_markdown_file_delivery_writes_payload_and_receipt PASSED [ 59%]
tests/unit/test_delivery_adapters.py::test_markdown_file_delivery_escaping PASSED [ 59%]
tests/unit/test_delivery_adapters.py::test_pushplus_delivery_success_receipt PASSED [ 59%]
tests/unit/test_delivery_adapters.py::test_pushplus_retries_on_transient_failure_then_succeeds PASSED [ 59%]
tests/unit/test_delivery_adapters.py::test_pushplus_exhausts_retries_and_returns_failed_receipt PASSED [ 59%]
tests/unit/test_delivery_adapters.py::test_pushplus_network_error_maps_to_ambiguous_not_failed PASSED [ 59%]
tests/unit/test_delivery_adapters.py::test_pushplus_rejects_oversized_payload PASSED [ 60%]
tests/unit/test_delivery_adapters.py::test_pushplus_requires_explicit_token_provider PASSED [ 60%]
tests/unit/test_delivery_adapters.py::test_non_positive_retries_rejected PASSED [ 60%]
tests/unit/test_delivery_adapters.py::test_retry_bounds_are_integer_typed PASSED [ 60%]
tests/unit/test_delivery_adapters.py::test_same_idempotency_key_does_not_cause_second_push PASSED [ 60%]
tests/unit/test_delivery_adapters.py::test_timeout_after_provider_accept_is_ambiguous_not_retried PASSED [ 60%]
tests/unit/test_delivery_adapters.py::test_ambiguous_outcome_enters_recovery_at_run_level PASSED [ 61%]
tests/unit/test_dry_run_gate.py::test_default_mode_is_dry_run PASSED     [ 61%]
tests/unit/test_dry_run_gate.py::test_explicit_deliver_flag_enables_push PASSED [ 61%]
tests/unit/test_dry_run_gate.py::test_explicit_dry_run_flag_overrides_default PASSED [ 61%]
tests/unit/test_dry_run_gate.py::test_dry_run_never_constructs_external_transport PASSED [ 61%]
tests/unit/test_dry_run_gate.py::test_dry_run_never_resolves_token PASSED [ 62%]
tests/unit/test_dry_run_gate.py::test_deliver_mode_requires_channel_config PASSED [ 62%]
tests/unit/test_fixtures.py::test_genre_fixture_records_pass_schema PASSED [ 62%]
tests/unit/test_fixtures.py::test_album_fixture_records_pass_schema PASSED [ 62%]
tests/unit/test_fixtures.py::test_critic_source_fixture_passes_schema PASSED [ 62%]
tests/unit/test_fixtures.py::test_critic_rating_fixture_rows_pass_schema PASSED [ 62%]
tests/unit/test_fixtures.py::test_conftest_sample_fixtures_are_available PASSED [ 63%]
tests/unit/test_llm_adapter.py::test_adapter_implements_llm_port_and_forwards_packet PASSED [ 63%]
tests/unit/test_llm_adapter.py::test_system_prompt_is_constant_across_untrusted_packets PASSED [ 63%]
tests/unit/test_llm_adapter.py::test_adversarial_packet_is_never_interpreted_as_instruction PASSED [ 63%]
tests/unit/test_llm_adapter.py::test_transport_failure_maps_to_generation_failure PASSED [ 63%]
tests/unit/test_llm_adapter.py::test_bounded_packet_rejects_oversized_fields PASSED [ 63%]
tests/unit/test_llm_adapter.py::test_bounded_packet_rejects_unknown_shapes PASSED [ 64%]
tests/unit/test_llm_adapter.py::test_bounded_packet_normalizes_and_freezes PASSED [ 64%]
tests/unit/test_llm_adapter.py::test_bounded_packet_rejects_oversized_run_id PASSED [ 64%]
tests/unit/test_llm_adapter.py::test_bounded_packet_rejects_empty_run_id PASSED [ 64%]
tests/unit/test_llm_adapter.py::test_bounded_packet_rejects_oversized_identifiers PASSED [ 64%]
tests/unit/test_llm_adapter.py::test_bounded_packet_rejects_empty_identifiers PASSED [ 65%]
tests/unit/test_llm_adapter.py::test_bounded_packet_rejects_empty_genre_name PASSED [ 65%]
tests/unit/test_llm_adapter.py::test_bounded_packet_rejects_empty_album_title_or_artist PASSED [ 65%]
tests/unit/test_llm_adapter.py::test_bounded_packet_caps_total_serialized_size PASSED [ 65%]
tests/unit/test_llm_adapter.py::test_bounded_packet_enforces_real_plan_cardinality PASSED [ 65%]
tests/unit/test_markdown_output.py::test_render_creates_valid_structured_report PASSED [ 65%]
tests/unit/test_markdown_output.py::test_validation_rejects_empty_payload PASSED [ 66%]
tests/unit/test_markdown_output.py::test_validation_rejects_oversized_payload PASSED [ 66%]
tests/unit/test_markdown_output.py::test_validation_rejects_missing_title PASSED [ 66%]
tests/unit/test_markdown_output.py::test_validation_rejects_missing_genre_section PASSED [ 66%]
tests/unit/test_markdown_output.py::test_validation_rejects_missing_album_bullet PASSED [ 66%]
tests/unit/test_markdown_output.py::test_validation_rejects_fabricated_genre PASSED [ 66%]
tests/unit/test_markdown_output.py::test_validation_rejects_fabricated_album PASSED [ 67%]
tests/unit/test_markdown_output.py::test_narrative_with_directive_verbs_is_rejected PASSED [ 67%]
tests/unit/test_markdown_output.py::test_narrative_em_dash_assertion_outside_packet_rejected PASSED [ 67%]
tests/unit/test_markdown_output.py::test_render_rejects_oversized_narrative PASSED [ 67%]
tests/unit/test_markdown_output.py::test_validate_failure_prevents_delivery_in_composition PASSED [ 67%]
tests/unit/test_markdown_output.py::test_every_fact_mutation_is_rejected[run-id] PASSED [ 68%]
tests/unit/test_markdown_output.py::test_every_fact_mutation_is_rejected[genre-heading] PASSED [ 68%]
tests/unit/test_markdown_output.py::test_every_fact_mutation_is_rejected[year] PASSED [ 68%]
tests/unit/test_markdown_output.py::test_every_fact_mutation_is_rejected[artist] PASSED [ 68%]
tests/unit/test_markdown_output.py::test_every_fact_mutation_is_rejected[title] PASSED [ 68%]
tests/unit/test_markdown_output.py::test_every_fact_mutation_is_rejected[genre-association] PASSED [ 68%]
tests/unit/test_musicbrainz_enricher.py::test_single_result_sets_exact_canonical_identity PASSED [ 69%]
tests/unit/test_musicbrainz_enricher.py::test_empty_result_leaves_identity_unknown PASSED [ 69%]
tests/unit/test_musicbrainz_enricher.py::test_ambiguous_multi_result_never_guesses PASSED [ 69%]
tests/unit/test_musicbrainz_enricher.py::test_missing_release_groups_field_is_unavailable PASSED [ 69%]
tests/unit/test_musicbrainz_enricher.py::test_malformed_json_is_unavailable PASSED [ 69%]
tests/unit/test_musicbrainz_enricher.py::test_network_timeout_retries_then_fails_unavailable PASSED [ 69%]
tests/unit/test_musicbrainz_enricher.py::test_429_retries_with_backoff_then_fails_unavailable PASSED [ 70%]
tests/unit/test_musicbrainz_enricher.py::test_5xx_retries_then_fails_unavailable PASSED [ 70%]
tests/unit/test_musicbrainz_enricher.py::test_transient_429_then_success PASSED [ 70%]
tests/unit/test_musicbrainz_enricher.py::test_non_retryable_status_fails_immediately PASSED [ 70%]
tests/unit/test_musicbrainz_enricher.py::test_404_is_empty_result_not_error PASSED [ 70%]
tests/unit/test_musicbrainz_enricher.py::test_user_agent_is_configured_and_secret_free PASSED [ 71%]
tests/unit/test_musicbrainz_enricher.py::test_placeholder_user_agent_is_rejected PASSED [ 71%]
tests/unit/test_musicbrainz_enricher.py::test_timeout_tuple_is_bounded PASSED [ 71%]
tests/unit/test_musicbrainz_enricher.py::test_fresh_cache_short_circuits_transport PASSED [ 71%]
tests/unit/test_musicbrainz_enricher.py::test_stale_cache_refreshes_with_new_data PASSED [ 71%]
tests/unit/test_musicbrainz_enricher.py::test_stale_cache_refresh_failure_fails_clearly_with_evidence PASSED [ 71%]
tests/unit/test_musicbrainz_enricher.py::test_no_cache_refresh_failure_raises_unavailable PASSED [ 72%]
tests/unit/test_musicbrainz_enricher.py::test_cache_entry_carries_full_provenance PASSED [ 72%]
tests/unit/test_musicbrainz_enricher.py::test_enrichment_is_per_candidate_not_batch PASSED [ 72%]
tests/unit/test_musicbrainz_enricher.py::test_unrelated_single_result_is_not_exact PASSED [ 72%]
tests/unit/test_musicbrainz_enricher.py::test_same_title_different_artist_is_not_exact PASSED [ 72%]
tests/unit/test_musicbrainz_enricher.py::test_conflicting_year_prevents_exact PASSED [ 72%]
tests/unit/test_musicbrainz_enricher.py::test_malformed_list_item_is_unavailable PASSED [ 73%]
tests/unit/test_musicbrainz_enricher.py::test_multiple_plausible_matches_are_ambiguous PASSED [ 73%]
tests/unit/test_musicbrainz_enricher.py::test_genuinely_exact_match_sets_exact PASSED [ 73%]
tests/unit/test_musicbrainz_enricher.py::test_consecutive_successful_calls_are_paced PASSED [ 73%]
tests/unit/test_musicbrainz_enricher.py::test_non_finite_or_zero_pacing_rejected[zero] PASSED [ 73%]
tests/unit/test_musicbrainz_enricher.py::test_non_finite_or_zero_pacing_rejected[negative] PASSED [ 74%]
tests/unit/test_musicbrainz_enricher.py::test_non_finite_or_zero_pacing_rejected[inf] PASSED [ 74%]
tests/unit/test_musicbrainz_enricher.py::test_non_finite_or_zero_pacing_rejected[nan] PASSED [ 74%]
tests/unit/test_musicbrainz_enricher.py::test_non_finite_or_zero_pacing_rejected[none] PASSED [ 74%]
tests/unit/test_musicbrainz_enricher.py::test_non_finite_or_zero_pacing_rejected[string] PASSED [ 74%]
tests/unit/test_musicbrainz_enricher.py::test_enrichment_cache_evicts_oldest_entries PASSED [ 74%]
tests/unit/test_musicbrainz_enricher.py::test_missing_year_prevents_exact_when_candidate_year_known PASSED [ 75%]
tests/unit/test_musicbrainz_enricher.py::test_malformed_year_prevents_exact PASSED [ 75%]
tests/unit/test_musicbrainz_enricher.py::test_missing_score_prevents_exact PASSED [ 75%]
tests/unit/test_musicbrainz_enricher.py::test_zero_score_prevents_exact PASSED [ 75%]
tests/unit/test_musicbrainz_enricher.py::test_malformed_score_is_unavailable PASSED [ 75%]
tests/unit/test_musicbrainz_enricher.py::test_fully_corroborated_self_titled_exact PASSED [ 75%]
tests/unit/test_musicbrainz_enricher.py::test_non_finite_timeout_rejected[zero] PASSED [ 76%]
tests/unit/test_musicbrainz_enricher.py::test_non_finite_timeout_rejected[negative] PASSED [ 76%]
tests/unit/test_musicbrainz_enricher.py::test_non_finite_timeout_rejected[inf] PASSED [ 76%]
tests/unit/test_musicbrainz_enricher.py::test_non_finite_timeout_rejected[nan] PASSED [ 76%]
tests/unit/test_musicbrainz_enricher.py::test_non_finite_timeout_rejected[none] PASSED [ 76%]
tests/unit/test_musicbrainz_enricher.py::test_non_finite_timeout_rejected[bool] PASSED [ 77%]
tests/unit/test_musicbrainz_enricher.py::test_provider_shaped_string_score_is_accepted PASSED [ 77%]
tests/unit/test_musicbrainz_enricher.py::test_low_score_never_installs_exact[string-10] PASSED [ 77%]
tests/unit/test_musicbrainz_enricher.py::test_low_score_never_installs_exact[tiny-numeric] PASSED [ 77%]
tests/unit/test_musicbrainz_enricher.py::test_low_score_never_installs_exact[below-threshold] PASSED [ 77%]
tests/unit/test_musicbrainz_enricher.py::test_boundary_score_exactly_at_threshold_is_accepted PASSED [ 77%]
tests/unit/test_musicbrainz_enricher.py::test_non_finite_score_is_rejected[nan] PASSED [ 78%]
tests/unit/test_musicbrainz_enricher.py::test_non_finite_score_is_rejected[inf] PASSED [ 78%]
tests/unit/test_musicbrainz_enricher.py::test_non_finite_score_is_rejected[neg-inf] PASSED [ 78%]
tests/unit/test_musicbrainz_enricher.py::test_malformed_or_out_of_range_score_rejected[bool-true] PASSED [ 78%]
tests/unit/test_musicbrainz_enricher.py::test_malformed_or_out_of_range_score_rejected[bool-false] PASSED [ 78%]
tests/unit/test_musicbrainz_enricher.py::test_malformed_or_out_of_range_score_rejected[word] PASSED [ 78%]
tests/unit/test_musicbrainz_enricher.py::test_malformed_or_out_of_range_score_rejected[letter-o] PASSED [ 79%]
tests/unit/test_musicbrainz_enricher.py::test_malformed_or_out_of_range_score_rejected[negative-string] PASSED [ 79%]
tests/unit/test_musicbrainz_enricher.py::test_malformed_or_out_of_range_score_rejected[over-100] PASSED [ 79%]
tests/unit/test_musicbrainz_enricher.py::test_malformed_or_out_of_range_score_rejected[word2] PASSED [ 79%]
tests/unit/test_musicbrainz_enricher.py::test_malformed_or_out_of_range_score_rejected[list] PASSED [ 79%]
tests/unit/test_musicbrainz_enricher.py::test_max_retries_must_be_non_negative_integer[bool] PASSED [ 80%]
tests/unit/test_musicbrainz_enricher.py::test_max_retries_must_be_non_negative_integer[fractional] PASSED [ 80%]
tests/unit/test_musicbrainz_enricher.py::test_max_retries_must_be_non_negative_integer[nan] PASSED [ 80%]
tests/unit/test_musicbrainz_enricher.py::test_max_retries_must_be_non_negative_integer[inf] PASSED [ 80%]
tests/unit/test_musicbrainz_enricher.py::test_max_retries_must_be_non_negative_integer[negative] PASSED [ 80%]
tests/unit/test_musicbrainz_enricher.py::test_max_retries_must_be_non_negative_integer[string] PASSED [ 80%]
tests/unit/test_musicbrainz_enricher.py::test_enrichment_cache_max_entries_must_be_positive_integer[bool] PASSED [ 81%]
tests/unit/test_musicbrainz_enricher.py::test_enrichment_cache_max_entries_must_be_positive_integer[fractional] PASSED [ 81%]
tests/unit/test_musicbrainz_enricher.py::test_enrichment_cache_max_entries_must_be_positive_integer[nan] PASSED [ 81%]
tests/unit/test_musicbrainz_enricher.py::test_enrichment_cache_max_entries_must_be_positive_integer[inf] PASSED [ 81%]
tests/unit/test_musicbrainz_enricher.py::test_enrichment_cache_max_entries_must_be_positive_integer[zero] PASSED [ 81%]
tests/unit/test_musicbrainz_enricher.py::test_enrichment_cache_max_entries_must_be_positive_integer[negative] PASSED [ 81%]
tests/unit/test_musicbrainz_enricher.py::test_old_version_cache_entry_does_not_bypass_threshold PASSED [ 82%]
tests/unit/test_musicbrainz_enricher.py::test_old_version_cache_entry_is_never_served_directly PASSED [ 82%]
tests/unit/test_musicbrainz_enricher.py::test_same_key_old_query_version_entry_is_not_served PASSED [ 82%]
tests/unit/test_musicbrainz_enricher.py::test_non_contactable_user_agent_rejected[single-char] PASSED [ 82%]
tests/unit/test_musicbrainz_enricher.py::test_non_contactable_user_agent_rejected[no-contact] PASSED [ 82%]
tests/unit/test_musicbrainz_enricher.py::test_non_contactable_user_agent_rejected[nonsense] PASSED [ 83%]
tests/unit/test_musicbrainz_enricher.py::test_non_contactable_user_agent_rejected[anonymous] PASSED [ 83%]
tests/unit/test_musicbrainz_enricher.py::test_non_contactable_user_agent_rejected[no-contact-parens] PASSED [ 83%]
tests/unit/test_musicbrainz_enricher.py::test_contactable_user_agent_accepted[url] PASSED [ 83%]
tests/unit/test_musicbrainz_enricher.py::test_contactable_user_agent_accepted[mailto] PASSED [ 83%]
tests/unit/test_musicbrainz_enricher.py::test_contactable_user_agent_accepted[email-angle] PASSED [ 83%]
tests/unit/test_musicbrainz_enricher.py::test_incomplete_or_unsafe_user_agent_rejected[no-app-version-empty-url] PASSED [ 84%]
tests/unit/test_musicbrainz_enricher.py::test_incomplete_or_unsafe_user_agent_rejected[empty-angle-email] PASSED [ 84%]
tests/unit/test_musicbrainz_enricher.py::test_incomplete_or_unsafe_user_agent_rejected[anonymous-empty-contact] PASSED [ 84%]
tests/unit/test_musicbrainz_enricher.py::test_incomplete_or_unsafe_user_agent_rejected[no-version-empty-mailto] PASSED [ 84%]
tests/unit/test_musicbrainz_enricher.py::test_incomplete_or_unsafe_user_agent_rejected[trailing-crlf] PASSED [ 84%]
tests/unit/test_musicbrainz_enricher.py::test_incomplete_or_unsafe_user_agent_rejected[trailing-lf] PASSED [ 84%]
tests/unit/test_musicbrainz_enricher.py::test_incomplete_or_unsafe_user_agent_rejected[crlf-before-contact] PASSED [ 85%]
tests/unit/test_musicbrainz_enricher.py::test_incomplete_or_unsafe_user_agent_rejected[https-no-host] PASSED [ 85%]
tests/unit/test_musicbrainz_enricher.py::test_incomplete_or_unsafe_user_agent_rejected[mailto-empty-local] PASSED [ 85%]
tests/unit/test_musicbrainz_enricher.py::test_incomplete_or_unsafe_user_agent_rejected[angle-empty-local] PASSED [ 85%]
tests/unit/test_musicbrainz_enricher.py::test_incomplete_or_unsafe_user_agent_rejected[angle-empty-domain] PASSED [ 85%]
tests/unit/test_musicbrainz_enricher.py::test_untrimmed_controls_and_hostless_url_rejected[trailing-crlf] PASSED [ 86%]
tests/unit/test_musicbrainz_enricher.py::test_untrimmed_controls_and_hostless_url_rejected[leading-lf] PASSED [ 86%]
tests/unit/test_musicbrainz_enricher.py::test_untrimmed_controls_and_hostless_url_rejected[leading-trailing-tab] PASSED [ 86%]
tests/unit/test_musicbrainz_enricher.py::test_untrimmed_controls_and_hostless_url_rejected[userinfo-only] PASSED [ 86%]
tests/unit/test_musicbrainz_enricher.py::test_untrimmed_controls_and_hostless_url_rejected[userinfo-only-named] PASSED [ 86%]
tests/unit/test_musicbrainz_enricher.py::test_untrimmed_controls_and_hostless_url_rejected[port-only] PASSED [ 86%]
tests/unit/test_musicbrainz_enricher.py::test_contact_url_with_invalid_port_rejected[non-numeric-port] PASSED [ 87%]
tests/unit/test_musicbrainz_enricher.py::test_contact_url_with_invalid_port_rejected[out-of-range-port] PASSED [ 87%]
tests/unit/test_musicbrainz_enricher.py::test_contact_url_with_valid_port_accepted[no-port] PASSED [ 87%]
tests/unit/test_musicbrainz_enricher.py::test_contact_url_with_valid_port_accepted[default-https-port] PASSED [ 87%]
tests/unit/test_musicbrainz_enricher.py::test_contact_url_with_valid_port_accepted[valid-custom-port] PASSED [ 87%]
tests/unit/test_musicbrainz_enricher.py::test_contact_url_with_valid_port_accepted[default-http-port] PASSED [ 87%]
tests/unit/test_schemas.py::test_all_required_schemas_are_loaded_and_versioned PASSED [ 88%]
tests/unit/test_schemas.py::test_product_semantic_fields_flagged PASSED  [ 88%]
tests/unit/test_schemas.py::test_unknown_extra_fields_are_rejected_with_full_path PASSED [ 88%]
tests/unit/test_schemas.py::test_album_misspelled_canonical_field_is_rejected PASSED [ 88%]
tests/unit/test_schemas.py::test_config_misspelled_semantic_field_is_rejected PASSED [ 88%]
tests/unit/test_schemas.py::test_nested_misspelled_field_is_rejected_with_path PASSED [ 89%]
tests/unit/test_schemas.py::test_nested_plan_item_misspelled_field_is_rejected PASSED [ 89%]
tests/unit/test_schemas.py::test_opt_in_additional_fields_allow_passes_extension PASSED [ 89%]
tests/unit/test_schemas.py::test_invalid_additional_fields_policy_is_schema_error PASSED [ 89%]
tests/unit/test_schemas.py::test_nested_one_level_invalid_policy_is_schema_error PASSED [ 89%]
tests/unit/test_schemas.py::test_multi_level_invalid_policy_is_schema_error PASSED [ 89%]
tests/unit/test_schemas.py::test_nested_reject_rejects_unknown_fields PASSED [ 90%]
tests/unit/test_schemas.py::test_nested_allow_accepts_unknown_fields PASSED [ 90%]
tests/unit/test_schemas.py::test_absent_optional_object_with_invalid_policy_is_schema_error PASSED [ 90%]
tests/unit/test_schemas.py::test_empty_array_with_invalid_item_policy_is_schema_error PASSED [ 90%]
tests/unit/test_schemas.py::test_deep_branch_unvisited_by_record_is_schema_error PASSED [ 90%]
tests/unit/test_schemas.py::test_schema_tree_validation_is_record_independent PASSED [ 90%]
tests/unit/test_schemas.py::test_schema_error_on_missing_schema_name PASSED [ 91%]
tests/unit/test_schemas.py::test_genre_valid PASSED                      [ 91%]
tests/unit/test_schemas.py::test_genre_missing_required_field PASSED     [ 91%]
tests/unit/test_schemas.py::test_genre_bad_type_and_pattern PASSED       [ 91%]
tests/unit/test_schemas.py::test_album_valid_and_year_bounds PASSED      [ 91%]
tests/unit/test_schemas.py::test_album_identity_enum PASSED              [ 92%]
tests/unit/test_schemas.py::test_critic_source_valid_and_date_format PASSED [ 92%]
tests/unit/test_schemas.py::test_critic_rating_valid_and_number_type PASSED [ 92%]
tests/unit/test_schemas.py::test_plan_valid_and_nested_required_field PASSED [ 92%]
tests/unit/test_schemas.py::test_run_journal_transition_enum PASSED      [ 92%]
tests/unit/test_schemas.py::test_pick_history_index_bounds PASSED        [ 92%]
tests/unit/test_schemas.py::test_album_history_datetime_format PASSED    [ 93%]
tests/unit/test_schemas.py::test_delivery_receipt_enum_and_required PASSED [ 93%]
tests/unit/test_schemas.py::test_config_valid_and_nested_enum PASSED     [ 93%]
tests/unit/test_schemas.py::test_get_schema_unknown_raises_key_error PASSED [ 93%]
tests/unit/test_sqlite_error_boundary.py::test_public_operations_never_leak_sqlite_errors[append_journal] PASSED [ 93%]
tests/unit/test_sqlite_error_boundary.py::test_public_operations_never_leak_sqlite_errors[journal_after] PASSED [ 93%]
tests/unit/test_sqlite_error_boundary.py::test_public_operations_never_leak_sqlite_errors[latest_pick_index] PASSED [ 94%]
tests/unit/test_sqlite_error_boundary.py::test_public_operations_never_leak_sqlite_errors[cooldown_pick_indices] PASSED [ 94%]
tests/unit/test_sqlite_error_boundary.py::test_public_operations_never_leak_sqlite_errors[excluded_album_identities] PASSED [ 94%]
tests/unit/test_sqlite_error_boundary.py::test_public_operations_never_leak_sqlite_errors[commit_history] PASSED [ 94%]
tests/unit/test_sqlite_error_boundary.py::test_public_operations_never_leak_sqlite_errors[save_delivery_receipt] PASSED [ 94%]
tests/unit/test_sqlite_error_boundary.py::test_public_operations_never_leak_sqlite_errors[find_delivery_receipt] PASSED [ 95%]
tests/unit/test_sqlite_error_boundary.py::test_initialization_migration_failure_is_source_unavailable PASSED [ 95%]
tests/unit/test_sqlite_error_boundary.py::test_invariant_conflicts_are_not_translated PASSED [ 95%]
tests/unit/test_sqlite_error_boundary.py::test_closed_connection_never_leaks_sqlite_errors[append_journal] PASSED [ 95%]
tests/unit/test_sqlite_error_boundary.py::test_closed_connection_never_leaks_sqlite_errors[journal_after] PASSED [ 95%]
tests/unit/test_sqlite_error_boundary.py::test_closed_connection_never_leaks_sqlite_errors[latest_pick_index] PASSED [ 95%]
tests/unit/test_sqlite_error_boundary.py::test_closed_connection_never_leaks_sqlite_errors[cooldown_pick_indices] PASSED [ 96%]
tests/unit/test_sqlite_error_boundary.py::test_closed_connection_never_leaks_sqlite_errors[excluded_album_identities] PASSED [ 96%]
tests/unit/test_sqlite_error_boundary.py::test_closed_connection_never_leaks_sqlite_errors[commit_history] PASSED [ 96%]
tests/unit/test_sqlite_error_boundary.py::test_closed_connection_never_leaks_sqlite_errors[save_delivery_receipt] PASSED [ 96%]
tests/unit/test_sqlite_error_boundary.py::test_closed_connection_never_leaks_sqlite_errors[find_delivery_receipt] PASSED [ 96%]
tests/unit/test_sqlite_error_boundary.py::test_commit_history_transaction_finalize_failure PASSED [ 96%]
tests/unit/test_sqlite_history.py::test_fresh_database_migrates_to_v1 PASSED [ 97%]
tests/unit/test_sqlite_history.py::test_migration_is_idempotent_on_reopen PASSED [ 97%]
tests/unit/test_sqlite_history.py::test_memory_database_works PASSED     [ 97%]
tests/unit/test_sqlite_history.py::test_journal_append_and_read_back PASSED [ 97%]
tests/unit/test_sqlite_history.py::test_journal_detail_is_immutable_mapping PASSED [ 97%]
tests/unit/test_sqlite_history.py::test_journal_detail_recursive_freeze_nested_dict_and_list PASSED [ 98%]
tests/unit/test_sqlite_history.py::test_journal_detail_round_trip_with_nested_json PASSED [ 98%]
tests/unit/test_sqlite_history.py::test_commit_history_writes_all_three_areas_atomically PASSED [ 98%]
tests/unit/test_sqlite_history.py::test_commit_history_failure_leaves_all_areas_unchanged PASSED [ 98%]
tests/unit/test_sqlite_history.py::test_commit_history_mid_batch_duplicate_pick_is_invariant_error PASSED [ 98%]
tests/unit/test_sqlite_history.py::test_commit_history_sqlite_error_translated_to_state_commit_failure PASSED [ 98%]
tests/unit/test_sqlite_history.py::test_no_public_per_row_history_write_methods PASSED [ 99%]
tests/unit/test_sqlite_history.py::test_delivery_receipt_round_trip PASSED [ 99%]
tests/unit/test_sqlite_history.py::test_delivery_receipt_exact_replay_is_noop PASSED [ 99%]
tests/unit/test_sqlite_history.py::test_delivery_receipt_conflict_fails_closed PASSED [ 99%]
tests/unit/test_sqlite_history.py::test_file_persistence_across_reopen PASSED [ 99%]
tests/unit/test_sqlite_history.py::test_adapter_is_append_only_no_delete_methods PASSED [100%]

============================= 566 passed in 2.34s ==============================

=== pytest -q -p no:cacheprovider ===
566 passed in 2.31s

=== ruff check (src tests browser_companion) ===
All checks passed!

=== git diff --check ===
clean

=== skip/xfail ===
0
0
