============================= test session starts ==============================
platform darwin -- Python 3.13.12, pytest-9.1.1, pluggy-1.6.0 -- <WORKBUDDY_PYTHON>
cachedir: .pytest_cache
rootdir: <REPO_ROOT>
configfile: pyproject.toml
testpaths: tests
collecting ... collected 179 items

tests/contract/test_core_architecture.py::test_core_has_no_forbidden_imports PASSED [  0%]
tests/contract/test_core_architecture.py::test_core_package_imports_without_side_effects PASSED [  1%]
tests/contract/test_history_parity.py::test_normal_batch_commit_parity[in-memory] PASSED [  1%]
tests/contract/test_history_parity.py::test_normal_batch_commit_parity[sqlite] PASSED [  2%]
tests/contract/test_history_parity.py::test_intra_batch_duplicate_pick_index_parity[in-memory] PASSED [  2%]
tests/contract/test_history_parity.py::test_intra_batch_duplicate_pick_index_parity[sqlite] PASSED [  3%]
tests/contract/test_history_parity.py::test_intra_batch_duplicate_album_parity[in-memory] PASSED [  3%]
tests/contract/test_history_parity.py::test_intra_batch_duplicate_album_parity[sqlite] PASSED [  4%]
tests/contract/test_history_parity.py::test_conflict_with_stored_state_parity[in-memory] PASSED [  5%]
tests/contract/test_history_parity.py::test_conflict_with_stored_state_parity[sqlite] PASSED [  5%]
tests/contract/test_history_parity.py::test_failure_never_writes_partial_or_history_committed[in-memory] PASSED [  6%]
tests/contract/test_history_parity.py::test_failure_never_writes_partial_or_history_committed[sqlite] PASSED [  6%]
tests/contract/test_history_parity.py::test_same_domain_exception_type_parity[in-memory] PASSED [  7%]
tests/contract/test_history_parity.py::test_same_domain_exception_type_parity[sqlite] PASSED [  7%]
tests/contract/test_ports.py::test_error_taxonomy_has_eight_distinct_domain_errors PASSED [  8%]
tests/contract/test_ports.py::test_domain_error_carries_message_and_detail PASSED [  8%]
tests/contract/test_ports.py::test_all_ports_define_minimal_method_sets PASSED [  9%]
tests/contract/test_ports.py::test_ports_are_protocols_not_classes PASSED [ 10%]
tests/contract/test_ports.py::test_inmemory_history_satisfies_history_port_shape PASSED [ 10%]
tests/contract/test_ports.py::test_inmemory_history_journal_and_atomic_commit PASSED [ 11%]
tests/contract/test_ports.py::test_inmemory_history_commit_is_all_or_nothing PASSED [ 11%]
tests/contract/test_ports.py::test_fake_delivery_is_idempotent PASSED    [ 12%]
tests/contract/test_ports.py::test_inmemory_receipts_immutable_exact_replay_and_conflict PASSED [ 12%]
tests/contract/test_ports.py::test_fake_genre_source_respects_eligibility PASSED [ 13%]
tests/contract/test_ports.py::test_fake_album_source_filters_by_genre_and_limit PASSED [ 13%]
tests/contract/test_ports.py::test_fake_llm_returns_fixed_text PASSED    [ 14%]
tests/integration/test_run_engine.py::test_successful_run_commits_history_and_completes[in-memory] PASSED [ 15%]
tests/integration/test_run_engine.py::test_successful_run_commits_history_and_completes[sqlite] PASSED [ 15%]
tests/integration/test_run_engine.py::test_successful_run_never_repeats_album_within_run[in-memory] PASSED [ 16%]
tests/integration/test_run_engine.py::test_successful_run_never_repeats_album_within_run[sqlite] PASSED [ 16%]
tests/integration/test_run_engine.py::test_fetch_failure_does_not_pollute_history[in-memory] PASSED [ 17%]
tests/integration/test_run_engine.py::test_fetch_failure_does_not_pollute_history[sqlite] PASSED [ 17%]
tests/integration/test_run_engine.py::test_generation_failure_does_not_pollute_history[in-memory] PASSED [ 18%]
tests/integration/test_run_engine.py::test_generation_failure_does_not_pollute_history[sqlite] PASSED [ 18%]
tests/integration/test_run_engine.py::test_validation_failure_does_not_pollute_history[in-memory] PASSED [ 19%]
tests/integration/test_run_engine.py::test_validation_failure_does_not_pollute_history[sqlite] PASSED [ 20%]
tests/integration/test_run_engine.py::test_delivery_failure_does_not_pollute_history[in-memory] PASSED [ 20%]
tests/integration/test_run_engine.py::test_delivery_failure_does_not_pollute_history[sqlite] PASSED [ 21%]
tests/integration/test_run_engine.py::test_candidate_shortage_fails_without_history_write[in-memory] PASSED [ 21%]
tests/integration/test_run_engine.py::test_candidate_shortage_fails_without_history_write[sqlite] PASSED [ 22%]
tests/integration/test_run_engine.py::test_delivered_but_not_committed_recovers_without_redelivery[in-memory] PASSED [ 22%]
tests/integration/test_run_engine.py::test_delivered_but_not_committed_recovers_without_redelivery[sqlite] PASSED [ 23%]
tests/integration/test_run_engine.py::test_recovery_with_missing_receipt_fails_closed PASSED [ 24%]
tests/integration/test_run_engine.py::test_crash_replay_is_bounded_and_never_redelivers[after-plan] PASSED [ 24%]
tests/integration/test_run_engine.py::test_crash_replay_is_bounded_and_never_redelivers[after-fetch] PASSED [ 25%]
tests/integration/test_run_engine.py::test_crash_replay_is_bounded_and_never_redelivers[after-select] PASSED [ 25%]
tests/integration/test_run_engine.py::test_crash_replay_is_bounded_and_never_redelivers[after-generate] PASSED [ 26%]
tests/integration/test_run_engine.py::test_crash_replay_is_bounded_and_never_redelivers[after-validate] PASSED [ 26%]
tests/integration/test_run_engine.py::test_crash_replay_is_bounded_and_never_redelivers[after-deliver] PASSED [ 27%]
tests/integration/test_run_engine.py::test_exact_replay_of_completed_run_does_not_rewrite_history PASSED [ 27%]
tests/property/test_genre_equality.py::test_equal_opportunity_within_tolerance PASSED [ 28%]
tests/property/test_genre_equality.py::test_no_duplicate_within_run_across_samples PASSED [ 29%]
tests/property/test_seed_determinism.py::test_same_seed_reproduces_exact_sequence PASSED [ 29%]
tests/property/test_seed_determinism.py::test_different_seeds_give_different_sequences PASSED [ 30%]
tests/property/test_seed_determinism.py::test_reseed_produces_independent_reproducible_stream PASSED [ 30%]
tests/property/test_seed_determinism.py::test_new_seed_is_unpredictable_and_usable PASSED [ 31%]
tests/property/test_seed_determinism.py::test_rough_uniformity_sanity_within_loose_bounds PASSED [ 31%]
tests/test_smoke.py::test_package_importable PASSED                      [ 32%]
tests/unit/test_config.py::test_defaults_match_spec_constants PASSED     [ 32%]
tests/unit/test_config.py::test_file_then_overrides_precedence PASSED    [ 33%]
tests/unit/test_config.py::test_missing_config_file_is_not_an_error PASSED [ 34%]
tests/unit/test_config.py::test_invalid_json_reports_path PASSED         [ 34%]
tests/unit/test_config.py::test_schema_rejects_invalid_values PASSED     [ 35%]
tests/unit/test_config.py::test_semantic_overrides_flag_product_changes PASSED [ 35%]
tests/unit/test_config.py::test_config_round_trip_through_mapping PASSED [ 36%]
tests/unit/test_core_album.py::test_normalized_text_is_deterministic PASSED [ 36%]
tests/unit/test_core_album.py::test_canonical_same_release_different_name_is_excluded PASSED [ 37%]
tests/unit/test_core_album.py::test_different_release_not_merged_by_name PASSED [ 37%]
tests/unit/test_core_album.py::test_ambiguous_exclusion_never_permanently_blocks PASSED [ 38%]
tests/unit/test_core_album.py::test_no_canonical_uses_album_id_exact PASSED [ 39%]
tests/unit/test_core_album.py::test_filter_candidates_removes_excluded_only PASSED [ 39%]
tests/unit/test_core_album.py::test_dedup_key_canonical_preferred_over_name PASSED [ 40%]
tests/unit/test_core_album.py::test_dedup_key_same_name_different_year_not_merged PASSED [ 40%]
tests/unit/test_core_album.py::test_dedupe_within_run_across_genres PASSED [ 41%]
tests/unit/test_core_album.py::test_dedupe_respects_already_selected PASSED [ 41%]
tests/unit/test_core_album.py::test_exclusion_input_is_immutable_frozenset_semantics PASSED [ 42%]
tests/unit/test_core_genre.py::test_sort_genres_is_stable_by_genre_id PASSED [ 43%]
tests/unit/test_core_genre.py::test_same_seed_reproduces_selection PASSED [ 43%]
tests/unit/test_core_genre.py::test_sample_insufficient_pool_raises_bounded PASSED [ 44%]
tests/unit/test_core_genre.py::test_selection_does_not_mutate_input PASSED [ 44%]
tests/unit/test_core_genre.py::test_selection_without_popularity_signal_is_equal_opportunity_smoke PASSED [ 45%]
tests/unit/test_core_genre.py::test_cooldown_boundary_30_and_31 PASSED   [ 45%]
tests/unit/test_core_genre.py::test_empty_history_is_available PASSED    [ 46%]
tests/unit/test_core_genre.py::test_cooldown_uses_latest_pick_only PASSED [ 46%]
tests/unit/test_core_genre.py::test_filter_available_removes_cooled_genres PASSED [ 47%]
tests/unit/test_core_genre.py::test_next_pick_index_derived_from_history PASSED [ 48%]
tests/unit/test_core_genre.py::test_family_limit_default_regional_one_per_run PASSED [ 48%]
tests/unit/test_core_genre.py::test_family_limit_regional_two_selected_rejected PASSED [ 49%]
tests/unit/test_core_genre.py::test_diversity_satisfiable_uses_distinct_families PASSED [ 49%]
tests/unit/test_core_genre.py::test_diversity_unsatisfiable_terminates_bounded PASSED [ 50%]
tests/unit/test_core_genre.py::test_family_limits_do_not_starve_family_across_runs PASSED [ 50%]
tests/unit/test_core_year_rating.py::test_compose_rating_single_source_normalized PASSED [ 51%]
tests/unit/test_core_year_rating.py::test_compose_rating_multi_source_weighted PASSED [ 51%]
tests/unit/test_core_year_rating.py::test_compose_rating_no_rows_returns_none PASSED [ 52%]
tests/unit/test_core_year_rating.py::test_missing_policy_skip_ignores_missing_source PASSED [ 53%]
tests/unit/test_core_year_rating.py::test_missing_policy_zero_counts_missing_as_zero PASSED [ 53%]
tests/unit/test_core_year_rating.py::test_invalid_missing_policy_raises PASSED [ 54%]
tests/unit/test_core_year_rating.py::test_rank_candidates_deterministic_ties PASSED [ 54%]
tests/unit/test_core_year_rating.py::test_rank_candidates_unrated_sort_last PASSED [ 55%]
tests/unit/test_core_year_rating.py::test_is_modern_year_and_unknown PASSED [ 55%]
tests/unit/test_core_year_rating.py::test_select_at_least_one_modern PASSED [ 56%]
tests/unit/test_core_year_rating.py::test_select_modern_preferred_and_older_limited PASSED [ 56%]
tests/unit/test_core_year_rating.py::test_no_modern_candidates_degrades_observably PASSED [ 57%]
tests/unit/test_core_year_rating.py::test_unknown_year_treated_as_older PASSED [ 58%]
tests/unit/test_core_year_rating.py::test_candidate_shortage_raises_bounded PASSED [ 58%]
tests/unit/test_core_year_rating.py::test_no_unrelated_album_forced_in PASSED [ 59%]
tests/unit/test_fixtures.py::test_genre_fixture_records_pass_schema PASSED [ 59%]
tests/unit/test_fixtures.py::test_album_fixture_records_pass_schema PASSED [ 60%]
tests/unit/test_fixtures.py::test_critic_source_fixture_passes_schema PASSED [ 60%]
tests/unit/test_fixtures.py::test_critic_rating_fixture_rows_pass_schema PASSED [ 61%]
tests/unit/test_fixtures.py::test_conftest_sample_fixtures_are_available PASSED [ 62%]
tests/unit/test_schemas.py::test_all_required_schemas_are_loaded_and_versioned PASSED [ 62%]
tests/unit/test_schemas.py::test_product_semantic_fields_flagged PASSED  [ 63%]
tests/unit/test_schemas.py::test_unknown_extra_fields_are_rejected_with_full_path PASSED [ 63%]
tests/unit/test_schemas.py::test_album_misspelled_canonical_field_is_rejected PASSED [ 64%]
tests/unit/test_schemas.py::test_config_misspelled_semantic_field_is_rejected PASSED [ 64%]
tests/unit/test_schemas.py::test_nested_misspelled_field_is_rejected_with_path PASSED [ 65%]
tests/unit/test_schemas.py::test_nested_plan_item_misspelled_field_is_rejected PASSED [ 65%]
tests/unit/test_schemas.py::test_opt_in_additional_fields_allow_passes_extension PASSED [ 66%]
tests/unit/test_schemas.py::test_invalid_additional_fields_policy_is_schema_error PASSED [ 67%]
tests/unit/test_schemas.py::test_nested_one_level_invalid_policy_is_schema_error PASSED [ 67%]
tests/unit/test_schemas.py::test_multi_level_invalid_policy_is_schema_error PASSED [ 68%]
tests/unit/test_schemas.py::test_nested_reject_rejects_unknown_fields PASSED [ 68%]
tests/unit/test_schemas.py::test_nested_allow_accepts_unknown_fields PASSED [ 69%]
tests/unit/test_schemas.py::test_absent_optional_object_with_invalid_policy_is_schema_error PASSED [ 69%]
tests/unit/test_schemas.py::test_empty_array_with_invalid_item_policy_is_schema_error PASSED [ 70%]
tests/unit/test_schemas.py::test_deep_branch_unvisited_by_record_is_schema_error PASSED [ 70%]
tests/unit/test_schemas.py::test_schema_tree_validation_is_record_independent PASSED [ 71%]
tests/unit/test_schemas.py::test_schema_error_on_missing_schema_name PASSED [ 72%]
tests/unit/test_schemas.py::test_genre_valid PASSED                      [ 72%]
tests/unit/test_schemas.py::test_genre_missing_required_field PASSED     [ 73%]
tests/unit/test_schemas.py::test_genre_bad_type_and_pattern PASSED       [ 73%]
tests/unit/test_schemas.py::test_album_valid_and_year_bounds PASSED      [ 74%]
tests/unit/test_schemas.py::test_album_identity_enum PASSED              [ 74%]
tests/unit/test_schemas.py::test_critic_source_valid_and_date_format PASSED [ 75%]
tests/unit/test_schemas.py::test_critic_rating_valid_and_number_type PASSED [ 75%]
tests/unit/test_schemas.py::test_plan_valid_and_nested_required_field PASSED [ 76%]
tests/unit/test_schemas.py::test_run_journal_transition_enum PASSED      [ 77%]
tests/unit/test_schemas.py::test_pick_history_index_bounds PASSED        [ 77%]
tests/unit/test_schemas.py::test_album_history_datetime_format PASSED    [ 78%]
tests/unit/test_schemas.py::test_delivery_receipt_enum_and_required PASSED [ 78%]
tests/unit/test_schemas.py::test_config_valid_and_nested_enum PASSED     [ 79%]
tests/unit/test_schemas.py::test_get_schema_unknown_raises_key_error PASSED [ 79%]
tests/unit/test_sqlite_error_boundary.py::test_public_operations_never_leak_sqlite_errors[append_journal] PASSED [ 80%]
tests/unit/test_sqlite_error_boundary.py::test_public_operations_never_leak_sqlite_errors[journal_after] PASSED [ 81%]
tests/unit/test_sqlite_error_boundary.py::test_public_operations_never_leak_sqlite_errors[latest_pick_index] PASSED [ 81%]
tests/unit/test_sqlite_error_boundary.py::test_public_operations_never_leak_sqlite_errors[cooldown_pick_indices] PASSED [ 82%]
tests/unit/test_sqlite_error_boundary.py::test_public_operations_never_leak_sqlite_errors[excluded_album_identities] PASSED [ 82%]
tests/unit/test_sqlite_error_boundary.py::test_public_operations_never_leak_sqlite_errors[commit_history] PASSED [ 83%]
tests/unit/test_sqlite_error_boundary.py::test_public_operations_never_leak_sqlite_errors[save_delivery_receipt] PASSED [ 83%]
tests/unit/test_sqlite_error_boundary.py::test_public_operations_never_leak_sqlite_errors[find_delivery_receipt] PASSED [ 84%]
tests/unit/test_sqlite_error_boundary.py::test_initialization_migration_failure_is_source_unavailable PASSED [ 84%]
tests/unit/test_sqlite_error_boundary.py::test_invariant_conflicts_are_not_translated PASSED [ 85%]
tests/unit/test_sqlite_error_boundary.py::test_closed_connection_never_leaks_sqlite_errors[append_journal] PASSED [ 86%]
tests/unit/test_sqlite_error_boundary.py::test_closed_connection_never_leaks_sqlite_errors[journal_after] PASSED [ 86%]
tests/unit/test_sqlite_error_boundary.py::test_closed_connection_never_leaks_sqlite_errors[latest_pick_index] PASSED [ 87%]
tests/unit/test_sqlite_error_boundary.py::test_closed_connection_never_leaks_sqlite_errors[cooldown_pick_indices] PASSED [ 87%]
tests/unit/test_sqlite_error_boundary.py::test_closed_connection_never_leaks_sqlite_errors[excluded_album_identities] PASSED [ 88%]
tests/unit/test_sqlite_error_boundary.py::test_closed_connection_never_leaks_sqlite_errors[commit_history] PASSED [ 88%]
tests/unit/test_sqlite_error_boundary.py::test_closed_connection_never_leaks_sqlite_errors[save_delivery_receipt] PASSED [ 89%]
tests/unit/test_sqlite_error_boundary.py::test_closed_connection_never_leaks_sqlite_errors[find_delivery_receipt] PASSED [ 89%]
tests/unit/test_sqlite_error_boundary.py::test_commit_history_transaction_finalize_failure PASSED [ 90%]
tests/unit/test_sqlite_history.py::test_fresh_database_migrates_to_v1 PASSED [ 91%]
tests/unit/test_sqlite_history.py::test_migration_is_idempotent_on_reopen PASSED [ 91%]
tests/unit/test_sqlite_history.py::test_memory_database_works PASSED     [ 92%]
tests/unit/test_sqlite_history.py::test_journal_append_and_read_back PASSED [ 92%]
tests/unit/test_sqlite_history.py::test_journal_detail_is_immutable_mapping PASSED [ 93%]
tests/unit/test_sqlite_history.py::test_journal_detail_recursive_freeze_nested_dict_and_list PASSED [ 93%]
tests/unit/test_sqlite_history.py::test_journal_detail_round_trip_with_nested_json PASSED [ 94%]
tests/unit/test_sqlite_history.py::test_commit_history_writes_all_three_areas_atomically PASSED [ 94%]
tests/unit/test_sqlite_history.py::test_commit_history_failure_leaves_all_areas_unchanged PASSED [ 95%]
tests/unit/test_sqlite_history.py::test_commit_history_mid_batch_duplicate_pick_is_invariant_error PASSED [ 96%]
tests/unit/test_sqlite_history.py::test_commit_history_sqlite_error_translated_to_state_commit_failure PASSED [ 96%]
tests/unit/test_sqlite_history.py::test_no_public_per_row_history_write_methods PASSED [ 97%]
tests/unit/test_sqlite_history.py::test_delivery_receipt_round_trip PASSED [ 97%]
tests/unit/test_sqlite_history.py::test_delivery_receipt_exact_replay_is_noop PASSED [ 98%]
tests/unit/test_sqlite_history.py::test_delivery_receipt_conflict_fails_closed PASSED [ 98%]
tests/unit/test_sqlite_history.py::test_file_persistence_across_reopen PASSED [ 99%]
tests/unit/test_sqlite_history.py::test_adapter_is_append_only_no_delete_methods PASSED [100%]

============================= 179 passed in 0.26s ==============================

=== ruff check ===
All checks passed!

=== git diff --check ===
clean
