============================= test session starts ==============================
platform darwin -- Python 3.13.12, pytest-9.1.1, pluggy-1.6.0 -- <WORKBUDDY_PYTHON>
cachedir: .pytest_cache
rootdir: <REPO_ROOT>
configfile: pyproject.toml
testpaths: tests
collecting ... collected 239 items

tests/contract/test_core_architecture.py::test_core_has_no_forbidden_imports PASSED [  0%]
tests/contract/test_core_architecture.py::test_core_package_imports_without_side_effects PASSED [  0%]
tests/contract/test_history_parity.py::test_normal_batch_commit_parity[in-memory] PASSED [  1%]
tests/contract/test_history_parity.py::test_normal_batch_commit_parity[sqlite] PASSED [  1%]
tests/contract/test_history_parity.py::test_intra_batch_duplicate_pick_index_parity[in-memory] PASSED [  2%]
tests/contract/test_history_parity.py::test_intra_batch_duplicate_pick_index_parity[sqlite] PASSED [  2%]
tests/contract/test_history_parity.py::test_intra_batch_duplicate_album_parity[in-memory] PASSED [  2%]
tests/contract/test_history_parity.py::test_intra_batch_duplicate_album_parity[sqlite] PASSED [  3%]
tests/contract/test_history_parity.py::test_conflict_with_stored_state_parity[in-memory] PASSED [  3%]
tests/contract/test_history_parity.py::test_conflict_with_stored_state_parity[sqlite] PASSED [  4%]
tests/contract/test_history_parity.py::test_failure_never_writes_partial_or_history_committed[in-memory] PASSED [  4%]
tests/contract/test_history_parity.py::test_failure_never_writes_partial_or_history_committed[sqlite] PASSED [  5%]
tests/contract/test_history_parity.py::test_same_domain_exception_type_parity[in-memory] PASSED [  5%]
tests/contract/test_history_parity.py::test_same_domain_exception_type_parity[sqlite] PASSED [  5%]
tests/contract/test_ports.py::test_error_taxonomy_has_eight_distinct_domain_errors PASSED [  6%]
tests/contract/test_ports.py::test_domain_error_carries_message_and_detail PASSED [  6%]
tests/contract/test_ports.py::test_all_ports_define_minimal_method_sets PASSED [  7%]
tests/contract/test_ports.py::test_ports_are_protocols_not_classes PASSED [  7%]
tests/contract/test_ports.py::test_inmemory_history_satisfies_history_port_shape PASSED [  7%]
tests/contract/test_ports.py::test_inmemory_history_journal_and_atomic_commit PASSED [  8%]
tests/contract/test_ports.py::test_inmemory_history_commit_is_all_or_nothing PASSED [  8%]
tests/contract/test_ports.py::test_fake_delivery_is_idempotent PASSED    [  9%]
tests/contract/test_ports.py::test_inmemory_receipts_immutable_exact_replay_and_conflict PASSED [  9%]
tests/contract/test_ports.py::test_fake_genre_source_respects_eligibility PASSED [ 10%]
tests/contract/test_ports.py::test_fake_album_source_filters_by_genre_and_limit PASSED [ 10%]
tests/contract/test_ports.py::test_fake_llm_returns_fixed_text PASSED    [ 10%]
tests/integration/test_run_engine.py::test_successful_run_commits_history_and_completes[in-memory] PASSED [ 11%]
tests/integration/test_run_engine.py::test_successful_run_commits_history_and_completes[sqlite] PASSED [ 11%]
tests/integration/test_run_engine.py::test_successful_run_never_repeats_album_within_run[in-memory] PASSED [ 12%]
tests/integration/test_run_engine.py::test_successful_run_never_repeats_album_within_run[sqlite] PASSED [ 12%]
tests/integration/test_run_engine.py::test_fetch_failure_does_not_pollute_history[in-memory] PASSED [ 12%]
tests/integration/test_run_engine.py::test_fetch_failure_does_not_pollute_history[sqlite] PASSED [ 13%]
tests/integration/test_run_engine.py::test_generation_failure_does_not_pollute_history[in-memory] PASSED [ 13%]
tests/integration/test_run_engine.py::test_generation_failure_does_not_pollute_history[sqlite] PASSED [ 14%]
tests/integration/test_run_engine.py::test_validation_failure_does_not_pollute_history[in-memory] PASSED [ 14%]
tests/integration/test_run_engine.py::test_validation_failure_does_not_pollute_history[sqlite] PASSED [ 15%]
tests/integration/test_run_engine.py::test_delivery_failure_does_not_pollute_history[in-memory] PASSED [ 15%]
tests/integration/test_run_engine.py::test_delivery_failure_does_not_pollute_history[sqlite] PASSED [ 15%]
tests/integration/test_run_engine.py::test_candidate_shortage_fails_without_history_write[in-memory] PASSED [ 16%]
tests/integration/test_run_engine.py::test_candidate_shortage_fails_without_history_write[sqlite] PASSED [ 16%]
tests/integration/test_run_engine.py::test_delivered_but_not_committed_recovers_without_redelivery[in-memory] PASSED [ 17%]
tests/integration/test_run_engine.py::test_delivered_but_not_committed_recovers_without_redelivery[sqlite] PASSED [ 17%]
tests/integration/test_run_engine.py::test_crash_recovery_table[PLANNED] PASSED [ 17%]
tests/integration/test_run_engine.py::test_crash_recovery_table[FETCHED] PASSED [ 18%]
tests/integration/test_run_engine.py::test_crash_recovery_table[SELECTED] PASSED [ 18%]
tests/integration/test_run_engine.py::test_crash_recovery_table[GENERATED] PASSED [ 19%]
tests/integration/test_run_engine.py::test_crash_recovery_table[VALIDATED] PASSED [ 19%]
tests/integration/test_run_engine.py::test_crash_recovery_table[DELIVERING] PASSED [ 20%]
tests/integration/test_run_engine.py::test_crash_recovery_table[receipt-saved] PASSED [ 20%]
tests/integration/test_run_engine.py::test_crash_recovery_table[DELIVERED] PASSED [ 20%]
tests/integration/test_run_engine.py::test_crash_recovery_table[history-committed] PASSED [ 21%]
tests/integration/test_run_engine.py::test_crash_recovery_table[COMPLETE] PASSED [ 21%]
tests/integration/test_run_engine.py::test_missing_receipt_for_delivered_run_fails_closed PASSED [ 22%]
tests/integration/test_run_engine.py::test_failed_receipt_run_fails_without_history PASSED [ 22%]
tests/integration/test_run_engine.py::test_conflicting_receipt_fails_closed_without_overwrite PASSED [ 23%]
tests/integration/test_run_engine.py::test_repeated_completed_run_id_is_idempotent_replay PASSED [ 23%]
tests/integration/test_run_engine.py::test_history_committed_tail_gets_durable_complete PASSED [ 23%]
tests/integration/test_run_engine.py::test_three_consecutive_runs_commit_global_indices[in-memory] PASSED [ 24%]
tests/integration/test_run_engine.py::test_three_consecutive_runs_commit_global_indices[sqlite] PASSED [ 24%]
tests/integration/test_run_engine.py::test_historical_latest_pick_from_absent_genre_advances_global_index PASSED [ 25%]
tests/integration/test_run_engine.py::test_failed_run_consumes_no_pick_indices[in-memory] PASSED [ 25%]
tests/integration/test_run_engine.py::test_failed_run_consumes_no_pick_indices[sqlite] PASSED [ 25%]
tests/integration/test_run_engine.py::test_year_fallback_status_is_persisted_in_journal PASSED [ 26%]
tests/integration/test_run_engine.py::test_provenance_recorded_without_consuming_rng PASSED [ 26%]
tests/integration/test_run_engine.py::test_fresh_process_reproduces_exact_plan_from_journal_evidence PASSED [ 27%]
tests/integration/test_run_engine.py::test_run2_reproducible_across_process_restart PASSED [ 27%]
tests/integration/test_run_engine.py::test_config_seed_is_bound_to_rng_construction PASSED [ 28%]
tests/integration/test_run_engine.py::test_misbound_receipt_never_commits_history[wrong-run-id-in-memory] PASSED [ 28%]
tests/integration/test_run_engine.py::test_misbound_receipt_never_commits_history[wrong-run-id-sqlite] PASSED [ 28%]
tests/integration/test_run_engine.py::test_misbound_receipt_never_commits_history[wrong-key-in-memory] PASSED [ 29%]
tests/integration/test_run_engine.py::test_misbound_receipt_never_commits_history[wrong-key-sqlite] PASSED [ 29%]
tests/integration/test_run_engine.py::test_misbound_receipt_never_commits_history[wrong-channel-in-memory] PASSED [ 30%]
tests/integration/test_run_engine.py::test_misbound_receipt_never_commits_history[wrong-channel-sqlite] PASSED [ 30%]
tests/integration/test_run_engine.py::test_exact_matching_receipt_still_succeeds[in-memory] PASSED [ 30%]
tests/integration/test_run_engine.py::test_exact_matching_receipt_still_succeeds[sqlite] PASSED [ 31%]
tests/integration/test_run_engine.py::test_misbound_receipt_on_recovery_fails_closed PASSED [ 31%]
tests/integration/test_run_engine.py::test_parent_diversity_enforced_through_orchestrated_run PASSED [ 32%]
tests/integration/test_run_engine.py::test_parent_unsatisfiable_fails_explicitly PASSED [ 32%]
tests/integration/test_run_engine.py::test_ambiguous_delivery_records_one_effect_and_never_redelivers[wrong-run-id] PASSED [ 33%]
tests/integration/test_run_engine.py::test_ambiguous_delivery_records_one_effect_and_never_redelivers[wrong-key] PASSED [ 33%]
tests/integration/test_run_engine.py::test_ambiguous_delivery_records_one_effect_and_never_redelivers[wrong-channel] PASSED [ 33%]
tests/property/test_genre_equality.py::test_equal_opportunity_within_tolerance PASSED [ 34%]
tests/property/test_genre_equality.py::test_equal_opportunity_via_planner_smoke PASSED [ 34%]
tests/property/test_genre_equality.py::test_no_duplicate_within_run_across_samples PASSED [ 35%]
tests/property/test_genre_equality.py::test_big_pool_marginal_equality_unconstrained PASSED [ 35%]
tests/property/test_genre_equality.py::test_big_pool_positional_opportunity_unconstrained PASSED [ 35%]
tests/property/test_genre_equality.py::test_renaming_genre_ids_does_not_change_opportunity PASSED [ 36%]
tests/property/test_genre_equality.py::test_large_pool_constrained_still_bounded_and_deterministic PASSED [ 36%]
tests/property/test_genre_equality.py::test_unconstrained_large_pool_uses_fast_path_without_dp PASSED [ 37%]
tests/property/test_genre_equality.py::test_solver_cache_stays_bounded_across_many_run_histories PASSED [ 37%]
tests/property/test_genre_equality.py::test_constrained_memo_never_stores_terminal_states PASSED [ 38%]
tests/property/test_seed_determinism.py::test_same_seed_reproduces_exact_sequence PASSED [ 38%]
tests/property/test_seed_determinism.py::test_different_seeds_give_different_sequences PASSED [ 38%]
tests/property/test_seed_determinism.py::test_reseed_produces_independent_reproducible_stream PASSED [ 39%]
tests/property/test_seed_determinism.py::test_new_seed_is_unpredictable_and_usable PASSED [ 39%]
tests/property/test_seed_determinism.py::test_rough_uniformity_sanity_within_loose_bounds PASSED [ 40%]
tests/test_smoke.py::test_package_importable PASSED                      [ 40%]
tests/unit/test_config.py::test_defaults_match_spec_constants PASSED     [ 41%]
tests/unit/test_config.py::test_file_then_overrides_precedence PASSED    [ 41%]
tests/unit/test_config.py::test_missing_config_file_is_not_an_error PASSED [ 41%]
tests/unit/test_config.py::test_invalid_json_reports_path PASSED         [ 42%]
tests/unit/test_config.py::test_schema_rejects_invalid_values PASSED     [ 42%]
tests/unit/test_config.py::test_semantic_overrides_flag_product_changes PASSED [ 43%]
tests/unit/test_config.py::test_config_round_trip_through_mapping PASSED [ 43%]
tests/unit/test_config.py::test_invalid_parent_limit_rejected_at_exact_path[string] PASSED [ 43%]
tests/unit/test_config.py::test_invalid_parent_limit_rejected_at_exact_path[negative] PASSED [ 44%]
tests/unit/test_config.py::test_invalid_parent_limit_rejected_at_exact_path[zero] PASSED [ 44%]
tests/unit/test_config.py::test_invalid_parent_limit_rejected_at_exact_path[float] PASSED [ 45%]
tests/unit/test_config.py::test_invalid_parent_limit_rejected_at_exact_path[bool] PASSED [ 45%]
tests/unit/test_config.py::test_invalid_parent_limit_rejected_at_exact_path[nested-object] PASSED [ 46%]
tests/unit/test_config.py::test_valid_parent_limits_load_and_round_trip PASSED [ 46%]
tests/unit/test_config.py::test_original_overrides_mutation_cannot_alter_config PASSED [ 46%]
tests/unit/test_config.py::test_config_parent_limits_are_immutable PASSED [ 47%]
tests/unit/test_config.py::test_fingerprint_matches_exact_config_snapshot_used_for_selection PASSED [ 47%]
tests/unit/test_core_album.py::test_normalized_text_unicode_aware PASSED [ 48%]
tests/unit/test_core_album.py::test_exact_album_id_exclusion_without_nested_identity PASSED [ 48%]
tests/unit/test_core_album.py::test_canonical_same_release_different_name_is_excluded PASSED [ 48%]
tests/unit/test_core_album.py::test_canonical_namespaced_by_source PASSED [ 49%]
tests/unit/test_core_album.py::test_canonical_without_source_never_matches_destructively PASSED [ 49%]
tests/unit/test_core_album.py::test_ambiguous_candidate_never_destructively_matched PASSED [ 50%]
tests/unit/test_core_album.py::test_ambiguous_exclusion_never_permanently_blocks PASSED [ 50%]
tests/unit/test_core_album.py::test_different_release_not_merged_by_name PASSED [ 51%]
tests/unit/test_core_album.py::test_filter_candidates_removes_excluded_only PASSED [ 51%]
tests/unit/test_core_album.py::test_dedup_key_namespaced_canonical PASSED [ 51%]
tests/unit/test_core_album.py::test_dedup_key_same_name_different_year_not_merged PASSED [ 52%]
tests/unit/test_core_album.py::test_dedup_key_non_latin_distinct PASSED  [ 52%]
tests/unit/test_core_album.py::test_dedupe_within_run_across_genres PASSED [ 53%]
tests/unit/test_core_album.py::test_multi_run_permanent_exclusion PASSED [ 53%]
tests/unit/test_core_genre.py::test_sort_genres_is_stable_by_genre_id PASSED [ 53%]
tests/unit/test_core_genre.py::test_same_seed_reproduces_selection PASSED [ 54%]
tests/unit/test_core_genre.py::test_selection_does_not_mutate_input PASSED [ 54%]
tests/unit/test_core_genre.py::test_insufficient_pool_raises_bounded PASSED [ 55%]
tests/unit/test_core_genre.py::test_selection_without_popularity_signal_is_equal_opportunity_smoke PASSED [ 55%]
tests/unit/test_core_genre.py::test_cooldown_boundary_30_and_31 PASSED   [ 56%]
tests/unit/test_core_genre.py::test_empty_history_is_available PASSED    [ 56%]
tests/unit/test_core_genre.py::test_cooldown_uses_latest_pick_only PASSED [ 56%]
tests/unit/test_core_genre.py::test_filter_available_removes_cooled_genres PASSED [ 57%]
tests/unit/test_core_genre.py::test_next_pick_index_derived_from_history PASSED [ 57%]
tests/unit/test_core_genre.py::test_global_start_index_controls_positions PASSED [ 58%]
tests/unit/test_core_genre.py::test_position_specific_cooldown_inside_one_run PASSED [ 58%]
tests/unit/test_core_genre.py::test_multi_position_sequence_respects_in_run_cooldown PASSED [ 58%]
tests/unit/test_core_genre.py::test_family_limit_default_regional_one_per_run PASSED [ 59%]
tests/unit/test_core_genre.py::test_family_limit_regional_two_selected_rejected PASSED [ 59%]
tests/unit/test_core_genre.py::test_skewed_family_pool_satisfiable_for_every_seed PASSED [ 60%]
tests/unit/test_core_genre.py::test_truly_unsatisfiable_pool_terminates_explicitly PASSED [ 60%]
tests/unit/test_core_genre.py::test_parent_overlap_is_constrained PASSED [ 61%]
tests/unit/test_core_genre.py::test_parent_limits_default_do_not_implicitly_score PASSED [ 61%]
tests/unit/test_core_genre.py::test_family_limits_do_not_starve_family_across_runs PASSED [ 61%]
tests/unit/test_core_genre.py::test_deterministic_replay_retains_exact_ordered_picks PASSED [ 62%]
tests/unit/test_core_year_rating.py::test_compose_rating_single_source_normalized PASSED [ 62%]
tests/unit/test_core_year_rating.py::test_compose_rating_multi_source_weighted PASSED [ 63%]
tests/unit/test_core_year_rating.py::test_compose_rating_no_rows_returns_none PASSED [ 63%]
tests/unit/test_core_year_rating.py::test_missing_policy_skip_ignores_missing_source PASSED [ 64%]
tests/unit/test_core_year_rating.py::test_missing_policy_zero_counts_missing_as_zero PASSED [ 64%]
tests/unit/test_core_year_rating.py::test_invalid_missing_policy_raises PASSED [ 64%]
tests/unit/test_core_year_rating.py::test_rank_candidates_deterministic_ties PASSED [ 65%]
tests/unit/test_core_year_rating.py::test_rank_candidates_unrated_sort_last PASSED [ 65%]
tests/unit/test_core_year_rating.py::test_is_modern_year_and_unknown PASSED [ 66%]
tests/unit/test_core_year_rating.py::test_select_at_least_one_modern PASSED [ 66%]
tests/unit/test_core_year_rating.py::test_select_modern_preferred_and_older_limited PASSED [ 66%]
tests/unit/test_core_year_rating.py::test_no_modern_candidates_degrades_observably PASSED [ 67%]
tests/unit/test_core_year_rating.py::test_unknown_year_treated_as_older PASSED [ 67%]
tests/unit/test_core_year_rating.py::test_candidate_shortage_raises_bounded PASSED [ 68%]
tests/unit/test_core_year_rating.py::test_no_unrelated_album_forced_in PASSED [ 68%]
tests/unit/test_core_year_rating.py::test_cap_never_silently_exceeded_for_larger_count PASSED [ 69%]
tests/unit/test_core_year_rating.py::test_cap_satisfiable_with_enough_modern PASSED [ 69%]
tests/unit/test_fixtures.py::test_genre_fixture_records_pass_schema PASSED [ 69%]
tests/unit/test_fixtures.py::test_album_fixture_records_pass_schema PASSED [ 70%]
tests/unit/test_fixtures.py::test_critic_source_fixture_passes_schema PASSED [ 70%]
tests/unit/test_fixtures.py::test_critic_rating_fixture_rows_pass_schema PASSED [ 71%]
tests/unit/test_fixtures.py::test_conftest_sample_fixtures_are_available PASSED [ 71%]
tests/unit/test_schemas.py::test_all_required_schemas_are_loaded_and_versioned PASSED [ 71%]
tests/unit/test_schemas.py::test_product_semantic_fields_flagged PASSED  [ 72%]
tests/unit/test_schemas.py::test_unknown_extra_fields_are_rejected_with_full_path PASSED [ 72%]
tests/unit/test_schemas.py::test_album_misspelled_canonical_field_is_rejected PASSED [ 73%]
tests/unit/test_schemas.py::test_config_misspelled_semantic_field_is_rejected PASSED [ 73%]
tests/unit/test_schemas.py::test_nested_misspelled_field_is_rejected_with_path PASSED [ 74%]
tests/unit/test_schemas.py::test_nested_plan_item_misspelled_field_is_rejected PASSED [ 74%]
tests/unit/test_schemas.py::test_opt_in_additional_fields_allow_passes_extension PASSED [ 74%]
tests/unit/test_schemas.py::test_invalid_additional_fields_policy_is_schema_error PASSED [ 75%]
tests/unit/test_schemas.py::test_nested_one_level_invalid_policy_is_schema_error PASSED [ 75%]
tests/unit/test_schemas.py::test_multi_level_invalid_policy_is_schema_error PASSED [ 76%]
tests/unit/test_schemas.py::test_nested_reject_rejects_unknown_fields PASSED [ 76%]
tests/unit/test_schemas.py::test_nested_allow_accepts_unknown_fields PASSED [ 76%]
tests/unit/test_schemas.py::test_absent_optional_object_with_invalid_policy_is_schema_error PASSED [ 77%]
tests/unit/test_schemas.py::test_empty_array_with_invalid_item_policy_is_schema_error PASSED [ 77%]
tests/unit/test_schemas.py::test_deep_branch_unvisited_by_record_is_schema_error PASSED [ 78%]
tests/unit/test_schemas.py::test_schema_tree_validation_is_record_independent PASSED [ 78%]
tests/unit/test_schemas.py::test_schema_error_on_missing_schema_name PASSED [ 79%]
tests/unit/test_schemas.py::test_genre_valid PASSED                      [ 79%]
tests/unit/test_schemas.py::test_genre_missing_required_field PASSED     [ 79%]
tests/unit/test_schemas.py::test_genre_bad_type_and_pattern PASSED       [ 80%]
tests/unit/test_schemas.py::test_album_valid_and_year_bounds PASSED      [ 80%]
tests/unit/test_schemas.py::test_album_identity_enum PASSED              [ 81%]
tests/unit/test_schemas.py::test_critic_source_valid_and_date_format PASSED [ 81%]
tests/unit/test_schemas.py::test_critic_rating_valid_and_number_type PASSED [ 82%]
tests/unit/test_schemas.py::test_plan_valid_and_nested_required_field PASSED [ 82%]
tests/unit/test_schemas.py::test_run_journal_transition_enum PASSED      [ 82%]
tests/unit/test_schemas.py::test_pick_history_index_bounds PASSED        [ 83%]
tests/unit/test_schemas.py::test_album_history_datetime_format PASSED    [ 83%]
tests/unit/test_schemas.py::test_delivery_receipt_enum_and_required PASSED [ 84%]
tests/unit/test_schemas.py::test_config_valid_and_nested_enum PASSED     [ 84%]
tests/unit/test_schemas.py::test_get_schema_unknown_raises_key_error PASSED [ 84%]
tests/unit/test_sqlite_error_boundary.py::test_public_operations_never_leak_sqlite_errors[append_journal] PASSED [ 85%]
tests/unit/test_sqlite_error_boundary.py::test_public_operations_never_leak_sqlite_errors[journal_after] PASSED [ 85%]
tests/unit/test_sqlite_error_boundary.py::test_public_operations_never_leak_sqlite_errors[latest_pick_index] PASSED [ 86%]
tests/unit/test_sqlite_error_boundary.py::test_public_operations_never_leak_sqlite_errors[cooldown_pick_indices] PASSED [ 86%]
tests/unit/test_sqlite_error_boundary.py::test_public_operations_never_leak_sqlite_errors[excluded_album_identities] PASSED [ 87%]
tests/unit/test_sqlite_error_boundary.py::test_public_operations_never_leak_sqlite_errors[commit_history] PASSED [ 87%]
tests/unit/test_sqlite_error_boundary.py::test_public_operations_never_leak_sqlite_errors[save_delivery_receipt] PASSED [ 87%]
tests/unit/test_sqlite_error_boundary.py::test_public_operations_never_leak_sqlite_errors[find_delivery_receipt] PASSED [ 88%]
tests/unit/test_sqlite_error_boundary.py::test_initialization_migration_failure_is_source_unavailable PASSED [ 88%]
tests/unit/test_sqlite_error_boundary.py::test_invariant_conflicts_are_not_translated PASSED [ 89%]
tests/unit/test_sqlite_error_boundary.py::test_closed_connection_never_leaks_sqlite_errors[append_journal] PASSED [ 89%]
tests/unit/test_sqlite_error_boundary.py::test_closed_connection_never_leaks_sqlite_errors[journal_after] PASSED [ 89%]
tests/unit/test_sqlite_error_boundary.py::test_closed_connection_never_leaks_sqlite_errors[latest_pick_index] PASSED [ 90%]
tests/unit/test_sqlite_error_boundary.py::test_closed_connection_never_leaks_sqlite_errors[cooldown_pick_indices] PASSED [ 90%]
tests/unit/test_sqlite_error_boundary.py::test_closed_connection_never_leaks_sqlite_errors[excluded_album_identities] PASSED [ 91%]
tests/unit/test_sqlite_error_boundary.py::test_closed_connection_never_leaks_sqlite_errors[commit_history] PASSED [ 91%]
tests/unit/test_sqlite_error_boundary.py::test_closed_connection_never_leaks_sqlite_errors[save_delivery_receipt] PASSED [ 92%]
tests/unit/test_sqlite_error_boundary.py::test_closed_connection_never_leaks_sqlite_errors[find_delivery_receipt] PASSED [ 92%]
tests/unit/test_sqlite_error_boundary.py::test_commit_history_transaction_finalize_failure PASSED [ 92%]
tests/unit/test_sqlite_history.py::test_fresh_database_migrates_to_v1 PASSED [ 93%]
tests/unit/test_sqlite_history.py::test_migration_is_idempotent_on_reopen PASSED [ 93%]
tests/unit/test_sqlite_history.py::test_memory_database_works PASSED     [ 94%]
tests/unit/test_sqlite_history.py::test_journal_append_and_read_back PASSED [ 94%]
tests/unit/test_sqlite_history.py::test_journal_detail_is_immutable_mapping PASSED [ 94%]
tests/unit/test_sqlite_history.py::test_journal_detail_recursive_freeze_nested_dict_and_list PASSED [ 95%]
tests/unit/test_sqlite_history.py::test_journal_detail_round_trip_with_nested_json PASSED [ 95%]
tests/unit/test_sqlite_history.py::test_commit_history_writes_all_three_areas_atomically PASSED [ 96%]
tests/unit/test_sqlite_history.py::test_commit_history_failure_leaves_all_areas_unchanged PASSED [ 96%]
tests/unit/test_sqlite_history.py::test_commit_history_mid_batch_duplicate_pick_is_invariant_error PASSED [ 97%]
tests/unit/test_sqlite_history.py::test_commit_history_sqlite_error_translated_to_state_commit_failure PASSED [ 97%]
tests/unit/test_sqlite_history.py::test_no_public_per_row_history_write_methods PASSED [ 97%]
tests/unit/test_sqlite_history.py::test_delivery_receipt_round_trip PASSED [ 98%]
tests/unit/test_sqlite_history.py::test_delivery_receipt_exact_replay_is_noop PASSED [ 98%]
tests/unit/test_sqlite_history.py::test_delivery_receipt_conflict_fails_closed PASSED [ 99%]
tests/unit/test_sqlite_history.py::test_file_persistence_across_reopen PASSED [ 99%]
tests/unit/test_sqlite_history.py::test_adapter_is_append_only_no_delete_methods PASSED [100%]

============================= 239 passed in 0.42s ==============================

=== ruff check ===
All checks passed!

=== git diff --check ===
clean
