============================= test session starts ==============================
platform darwin -- Python 3.13.12, pytest-9.1.1, pluggy-1.6.0 -- <WORKBUDDY_PYTHON>
cachedir: .pytest_cache
rootdir: <REPO_ROOT>
configfile: pyproject.toml
testpaths: tests
collecting ... collected 87 items

tests/contract/test_history_parity.py::test_normal_batch_commit_parity[in-memory] PASSED [  1%]
tests/contract/test_history_parity.py::test_normal_batch_commit_parity[sqlite] PASSED [  2%]
tests/contract/test_history_parity.py::test_intra_batch_duplicate_pick_index_parity[in-memory] PASSED [  3%]
tests/contract/test_history_parity.py::test_intra_batch_duplicate_pick_index_parity[sqlite] PASSED [  4%]
tests/contract/test_history_parity.py::test_intra_batch_duplicate_album_parity[in-memory] PASSED [  5%]
tests/contract/test_history_parity.py::test_intra_batch_duplicate_album_parity[sqlite] PASSED [  6%]
tests/contract/test_history_parity.py::test_conflict_with_stored_state_parity[in-memory] PASSED [  8%]
tests/contract/test_history_parity.py::test_conflict_with_stored_state_parity[sqlite] PASSED [  9%]
tests/contract/test_history_parity.py::test_failure_never_writes_partial_or_history_committed[in-memory] PASSED [ 10%]
tests/contract/test_history_parity.py::test_failure_never_writes_partial_or_history_committed[sqlite] PASSED [ 11%]
tests/contract/test_history_parity.py::test_same_domain_exception_type_parity[in-memory] PASSED [ 12%]
tests/contract/test_history_parity.py::test_same_domain_exception_type_parity[sqlite] PASSED [ 13%]
tests/contract/test_ports.py::test_error_taxonomy_has_eight_distinct_domain_errors PASSED [ 14%]
tests/contract/test_ports.py::test_domain_error_carries_message_and_detail PASSED [ 16%]
tests/contract/test_ports.py::test_all_ports_define_minimal_method_sets PASSED [ 17%]
tests/contract/test_ports.py::test_ports_are_protocols_not_classes PASSED [ 18%]
tests/contract/test_ports.py::test_inmemory_history_satisfies_history_port_shape PASSED [ 19%]
tests/contract/test_ports.py::test_inmemory_history_journal_and_atomic_commit PASSED [ 20%]
tests/contract/test_ports.py::test_inmemory_history_commit_is_all_or_nothing PASSED [ 21%]
tests/contract/test_ports.py::test_fake_delivery_is_idempotent PASSED    [ 22%]
tests/contract/test_ports.py::test_inmemory_receipts_immutable_exact_replay_and_conflict PASSED [ 24%]
tests/contract/test_ports.py::test_fake_genre_source_respects_eligibility PASSED [ 25%]
tests/contract/test_ports.py::test_fake_album_source_filters_by_genre_and_limit PASSED [ 26%]
tests/contract/test_ports.py::test_fake_llm_returns_fixed_text PASSED    [ 27%]
tests/property/test_seed_determinism.py::test_same_seed_reproduces_exact_sequence PASSED [ 28%]
tests/property/test_seed_determinism.py::test_different_seeds_give_different_sequences PASSED [ 29%]
tests/property/test_seed_determinism.py::test_reseed_produces_independent_reproducible_stream PASSED [ 31%]
tests/property/test_seed_determinism.py::test_new_seed_is_unpredictable_and_usable PASSED [ 32%]
tests/property/test_seed_determinism.py::test_rough_uniformity_sanity_within_loose_bounds PASSED [ 33%]
tests/test_smoke.py::test_package_importable PASSED                      [ 34%]
tests/unit/test_config.py::test_defaults_match_spec_constants PASSED     [ 35%]
tests/unit/test_config.py::test_file_then_overrides_precedence PASSED    [ 36%]
tests/unit/test_config.py::test_missing_config_file_is_not_an_error PASSED [ 37%]
tests/unit/test_config.py::test_invalid_json_reports_path PASSED         [ 39%]
tests/unit/test_config.py::test_schema_rejects_invalid_values PASSED     [ 40%]
tests/unit/test_config.py::test_semantic_overrides_flag_product_changes PASSED [ 41%]
tests/unit/test_config.py::test_config_round_trip_through_mapping PASSED [ 42%]
tests/unit/test_fixtures.py::test_genre_fixture_records_pass_schema PASSED [ 43%]
tests/unit/test_fixtures.py::test_album_fixture_records_pass_schema PASSED [ 44%]
tests/unit/test_fixtures.py::test_critic_source_fixture_passes_schema PASSED [ 45%]
tests/unit/test_fixtures.py::test_critic_rating_fixture_rows_pass_schema PASSED [ 47%]
tests/unit/test_fixtures.py::test_conftest_sample_fixtures_are_available PASSED [ 48%]
tests/unit/test_schemas.py::test_all_required_schemas_are_loaded_and_versioned PASSED [ 49%]
tests/unit/test_schemas.py::test_product_semantic_fields_flagged PASSED  [ 50%]
tests/unit/test_schemas.py::test_unknown_extra_fields_are_rejected_with_full_path PASSED [ 51%]
tests/unit/test_schemas.py::test_album_misspelled_canonical_field_is_rejected PASSED [ 52%]
tests/unit/test_schemas.py::test_config_misspelled_semantic_field_is_rejected PASSED [ 54%]
tests/unit/test_schemas.py::test_nested_misspelled_field_is_rejected_with_path PASSED [ 55%]
tests/unit/test_schemas.py::test_nested_plan_item_misspelled_field_is_rejected PASSED [ 56%]
tests/unit/test_schemas.py::test_opt_in_additional_fields_allow_passes_extension PASSED [ 57%]
tests/unit/test_schemas.py::test_invalid_additional_fields_policy_is_schema_error PASSED [ 58%]
tests/unit/test_schemas.py::test_nested_one_level_invalid_policy_is_schema_error PASSED [ 59%]
tests/unit/test_schemas.py::test_multi_level_invalid_policy_is_schema_error PASSED [ 60%]
tests/unit/test_schemas.py::test_nested_reject_rejects_unknown_fields PASSED [ 62%]
tests/unit/test_schemas.py::test_nested_allow_accepts_unknown_fields PASSED [ 63%]
tests/unit/test_schemas.py::test_schema_error_on_missing_schema_name PASSED [ 64%]
tests/unit/test_schemas.py::test_genre_valid PASSED                      [ 65%]
tests/unit/test_schemas.py::test_genre_missing_required_field PASSED     [ 66%]
tests/unit/test_schemas.py::test_genre_bad_type_and_pattern PASSED       [ 67%]
tests/unit/test_schemas.py::test_album_valid_and_year_bounds PASSED      [ 68%]
tests/unit/test_schemas.py::test_album_identity_enum PASSED              [ 70%]
tests/unit/test_schemas.py::test_critic_source_valid_and_date_format PASSED [ 71%]
tests/unit/test_schemas.py::test_critic_rating_valid_and_number_type PASSED [ 72%]
tests/unit/test_schemas.py::test_plan_valid_and_nested_required_field PASSED [ 73%]
tests/unit/test_schemas.py::test_run_journal_transition_enum PASSED      [ 74%]
tests/unit/test_schemas.py::test_pick_history_index_bounds PASSED        [ 75%]
tests/unit/test_schemas.py::test_album_history_datetime_format PASSED    [ 77%]
tests/unit/test_schemas.py::test_delivery_receipt_enum_and_required PASSED [ 78%]
tests/unit/test_schemas.py::test_config_valid_and_nested_enum PASSED     [ 79%]
tests/unit/test_schemas.py::test_get_schema_unknown_raises_key_error PASSED [ 80%]
tests/unit/test_sqlite_history.py::test_fresh_database_migrates_to_v1 PASSED [ 81%]
tests/unit/test_sqlite_history.py::test_migration_is_idempotent_on_reopen PASSED [ 82%]
tests/unit/test_sqlite_history.py::test_memory_database_works PASSED     [ 83%]
tests/unit/test_sqlite_history.py::test_journal_append_and_read_back PASSED [ 85%]
tests/unit/test_sqlite_history.py::test_journal_detail_is_immutable_mapping PASSED [ 86%]
tests/unit/test_sqlite_history.py::test_journal_detail_recursive_freeze_nested_dict_and_list PASSED [ 87%]
tests/unit/test_sqlite_history.py::test_journal_detail_round_trip_with_nested_json PASSED [ 88%]
tests/unit/test_sqlite_history.py::test_commit_history_writes_all_three_areas_atomically PASSED [ 89%]
tests/unit/test_sqlite_history.py::test_commit_history_failure_leaves_all_areas_unchanged PASSED [ 90%]
tests/unit/test_sqlite_history.py::test_commit_history_mid_batch_duplicate_pick_is_invariant_error PASSED [ 91%]
tests/unit/test_sqlite_history.py::test_commit_history_sqlite_error_translated_to_state_commit_failure PASSED [ 93%]
tests/unit/test_sqlite_history.py::test_no_public_per_row_history_write_methods PASSED [ 94%]
tests/unit/test_sqlite_history.py::test_delivery_receipt_round_trip PASSED [ 95%]
tests/unit/test_sqlite_history.py::test_delivery_receipt_exact_replay_is_noop PASSED [ 96%]
tests/unit/test_sqlite_history.py::test_delivery_receipt_conflict_fails_closed PASSED [ 97%]
tests/unit/test_sqlite_history.py::test_file_persistence_across_reopen PASSED [ 98%]
tests/unit/test_sqlite_history.py::test_adapter_is_append_only_no_delete_methods PASSED [100%]

============================== 87 passed in 0.08s ==============================

=== ruff check ===
All checks passed!

=== git diff --check ===
clean
